DEBUG:root:received {"dest":"n2","body":{"type":"init","node_id":"n2","node_ids":["n1","n2","n3","n4","n5"],"msg_id":1},"src":"c2","id":2}
INFO:root:node n2 initialized
DEBUG:root:sending {"dest": "c2", "src": "n2", "body": {"msg_id": 1, "in_reply_to": 1, "type": "init_ok"}}
DEBUG:root:received {"dest":"n2","src":"n4","body":{"msg_id":3,"type":"qr_cas_read","request_id":1.647629126715484E9,"key":3,"from":3,"to":3},"id":12}
INFO:root:reading key 3 from quorum node n4
DEBUG:root:sending {"dest": "n4", "src": "n2", "body": {"msg_id": 2, "in_reply_to": 3, "type": "qr_cas_read_fail", "code": 20, "text": "Key does not exist", "request_id": 1647629126.715484}}
DEBUG:root:received {"dest":"n2","body":{"key":3,"from":3,"to":2,"type":"cas","msg_id":1},"src":"c12","id":26}
INFO:root:reading key 3
DEBUG:root:sending {"dest": "n4", "src": "n2", "body": {"msg_id": 3, "type": "qr_cas_read", "request_id": 1647629127.0146124, "key": 3, "from": 3, "to": 2}}
DEBUG:root:sending {"dest": "n5", "src": "n2", "body": {"msg_id": 4, "type": "qr_cas_read", "request_id": 1647629127.0146124, "key": 3, "from": 3, "to": 2}}
DEBUG:root:sending {"dest": "n1", "src": "n2", "body": {"msg_id": 5, "type": "qr_cas_read", "request_id": 1647629127.0146124, "key": 3, "from": 3, "to": 2}}
DEBUG:root:received {"dest":"n2","src":"n4","body":{"msg_id":7,"in_reply_to":3,"type":"qr_cas_read_fail","code":20,"text":"Key does not exist","request_id":1.6476291270146124E9},"id":30}
DEBUG:root:received {"dest":"n2","src":"n5","body":{"msg_id":3,"in_reply_to":4,"type":"qr_cas_read_fail","code":20,"text":"Key does not exist","request_id":1.6476291270146124E9},"id":31}
DEBUG:root:received {"dest":"n2","src":"n1","body":{"msg_id":4,"in_reply_to":5,"type":"qr_cas_read_fail","code":20,"text":"Key does not exist","request_id":1.6476291270146124E9},"id":32}
DEBUG:root:sending {"dest": "c12", "src": "n2", "body": {"msg_id": 6, "in_reply_to": 1, "type": "error", "code": 20, "text": "Key does not exist"}}
DEBUG:root:received {"dest":"n2","body":{"key":2,"value":0,"type":"write","msg_id":1},"src":"c13","id":34}
INFO:root:writing key 2
DEBUG:root:sending {"dest": "n5", "src": "n2", "body": {"msg_id": 7, "type": "qr_write", "request_id": 1647629127.383687, "key": 2, "value": 0}}
DEBUG:root:sending {"dest": "n3", "src": "n2", "body": {"msg_id": 8, "type": "qr_write", "request_id": 1647629127.383687, "key": 2, "value": 0}}
DEBUG:root:sending {"dest": "n4", "src": "n2", "body": {"msg_id": 9, "type": "qr_write", "request_id": 1647629127.383687, "key": 2, "value": 0}}
DEBUG:root:received {"dest":"n2","src":"n5","body":{"msg_id":4,"in_reply_to":7,"type":"qr_write_ok","request_id":1.647629127383687E9},"id":38}
DEBUG:root:received {"dest":"n2","src":"n4","body":{"msg_id":8,"in_reply_to":9,"type":"qr_write_ok","request_id":1.647629127383687E9},"id":39}
DEBUG:root:received {"dest":"n2","src":"n3","body":{"msg_id":7,"in_reply_to":8,"type":"qr_write_ok","request_id":1.647629127383687E9},"id":40}
DEBUG:root:sending {"dest": "c13", "src": "n2", "body": {"msg_id": 10, "in_reply_to": 1, "type": "write_ok"}}
DEBUG:root:received {"dest":"n2","src":"n1","body":{"msg_id":6,"type":"qr_cas_read","request_id":1.6476291274448867E9,"key":3,"from":0,"to":0},"id":44}
INFO:root:reading key 3 from quorum node n1
DEBUG:root:sending {"dest": "n1", "src": "n2", "body": {"msg_id": 11, "in_reply_to": 6, "type": "qr_cas_read_fail", "code": 20, "text": "Key does not exist", "request_id": 1647629127.4448867}}
DEBUG:root:received {"dest":"n2","src":"n4","body":{"msg_id":10,"type":"qr_write","request_id":1.6476291278559077E9,"key":1,"value":3},"id":59}
INFO:root:reading key 1 from quorum node n4
DEBUG:root:sending {"dest": "n4", "src": "n2", "body": {"msg_id": 12, "in_reply_to": 10, "type": "qr_write_ok", "request_id": 1647629127.8559077}}
DEBUG:root:received {"dest":"n2","body":{"key":3,"value":2,"type":"write","msg_id":2},"src":"c12","id":74}
INFO:root:writing key 3
DEBUG:root:sending {"dest": "n4", "src": "n2", "body": {"msg_id": 13, "type": "qr_write", "request_id": 1647629128.2561502, "key": 3, "value": 2}}
DEBUG:root:sending {"dest": "n2", "src": "n2", "body": {"msg_id": 14, "type": "qr_write", "request_id": 1647629128.2561502, "key": 3, "value": 2}}
DEBUG:root:sending {"dest": "n3", "src": "n2", "body": {"msg_id": 15, "type": "qr_write", "request_id": 1647629128.2561502, "key": 3, "value": 2}}
DEBUG:root:received {"dest":"n2","src":"n2","body":{"msg_id":14,"type":"qr_write","request_id":1.6476291282561502E9,"key":3,"value":2},"id":76}
INFO:root:reading key 3 from quorum node n2
DEBUG:root:sending {"dest": "n2", "src": "n2", "body": {"msg_id": 16, "in_reply_to": 14, "type": "qr_write_ok", "request_id": 1647629128.2561502}}
DEBUG:root:received {"dest":"n2","src":"n4","body":{"msg_id":19,"in_reply_to":13,"type":"qr_write_ok","request_id":1.6476291282561502E9},"id":78}
DEBUG:root:received {"dest":"n2","src":"n2","body":{"msg_id":16,"in_reply_to":14,"type":"qr_write_ok","request_id":1.6476291282561502E9},"id":79}
DEBUG:root:received {"dest":"n2","src":"n3","body":{"msg_id":15,"in_reply_to":15,"type":"qr_write_ok","request_id":1.6476291282561502E9},"id":80}
DEBUG:root:sending {"dest": "c12", "src": "n2", "body": {"msg_id": 17, "in_reply_to": 2, "type": "write_ok"}}
DEBUG:root:received {"dest":"n2","src":"n5","body":{"msg_id":9,"type":"qr_write","request_id":1.6476291283493376E9,"key":1,"value":2},"id":83}
INFO:root:reading key 1 from quorum node n5
DEBUG:root:sending {"dest": "n5", "src": "n2", "body": {"msg_id": 18, "in_reply_to": 9, "type": "qr_write_ok", "request_id": 1647629128.3493376}}
DEBUG:root:received {"dest":"n2","src":"n3","body":{"msg_id":18,"type":"qr_cas_read","request_id":1.6476291284259245E9,"key":2,"from":3,"to":1},"id":93}
INFO:root:reading key 2 from quorum node n3
DEBUG:root:sending {"dest": "n3", "src": "n2", "body": {"msg_id": 19, "in_reply_to": 18, "type": "qr_cas_read_fail", "code": 20, "text": "Key does not exist", "request_id": 1647629128.4259245}}
DEBUG:root:received {"dest":"n2","src":"n4","body":{"msg_id":22,"type":"qr_write","request_id":1.647629128500929E9,"key":0,"value":1},"id":100}
INFO:root:reading key 0 from quorum node n4
DEBUG:root:sending {"dest": "n4", "src": "n2", "body": {"msg_id": 20, "in_reply_to": 22, "type": "qr_write_ok", "request_id": 1647629128.500929}}
DEBUG:root:received {"dest":"n2","src":"n5","body":{"msg_id":16,"type":"qr_cas_read","request_id":1.6476291287180185E9,"key":3,"from":2,"to":4},"id":108}
INFO:root:reading key 3 from quorum node n5
DEBUG:root:sending {"dest": "n5", "src": "n2", "body": {"msg_id": 21, "in_reply_to": 16, "type": "qr_cas_read_ok", "value": 2, "timestamp": 1647629128.2561502, "request_id": 1647629128.7180185, "from": 2, "to": 4}}
DEBUG:root:received {"dest":"n2","src":"n5","body":{"msg_id":19,"type":"qr_cas_write","request_id":1.6476291287180185E9,"key":3,"value":4},"id":114}
INFO:root:reading key 3 from quorum node n5
DEBUG:root:sending {"dest": "n5", "src": "n2", "body": {"msg_id": 22, "in_reply_to": 19, "type": "qr_cas_write_ok", "request_id": 1647629128.7180185}}
DEBUG:root:received {"dest":"n2","body":{"key":3,"from":0,"to":2,"type":"cas","msg_id":3},"src":"c12","id":136}
INFO:root:reading key 3
DEBUG:root:sending {"dest": "n4", "src": "n2", "body": {"msg_id": 23, "type": "qr_cas_read", "request_id": 1647629129.2432246, "key": 3, "from": 0, "to": 2}}
DEBUG:root:sending {"dest": "n2", "src": "n2", "body": {"msg_id": 24, "type": "qr_cas_read", "request_id": 1647629129.2432246, "key": 3, "from": 0, "to": 2}}
DEBUG:root:sending {"dest": "n5", "src": "n2", "body": {"msg_id": 25, "type": "qr_cas_read", "request_id": 1647629129.2432246, "key": 3, "from": 0, "to": 2}}
DEBUG:root:received {"dest":"n2","src":"n2","body":{"msg_id":24,"type":"qr_cas_read","request_id":1.6476291292432246E9,"key":3,"from":0,"to":2},"id":138}
INFO:root:reading key 3 from quorum node n2
DEBUG:root:sending {"dest": "n2", "src": "n2", "body": {"msg_id": 26, "in_reply_to": 24, "type": "qr_cas_read_ok", "value": 4, "timestamp": 1647629128.7180185, "request_id": 1647629129.2432246, "from": 0, "to": 2}}
DEBUG:root:received {"dest":"n2","src":"n4","body":{"msg_id":29,"in_reply_to":23,"type":"qr_cas_read_ok","value":4,"timestamp":1.6476291287180185E9,"request_id":1.6476291292432246E9,"from":0,"to":2},"id":140}
DEBUG:root:received {"dest":"n2","src":"n5","body":{"msg_id":28,"in_reply_to":25,"type":"qr_cas_read_fail","code":20,"text":"Key does not exist","request_id":1.6476291292432246E9},"id":142}
DEBUG:root:received {"dest":"n2","src":"n2","body":{"msg_id":26,"in_reply_to":24,"type":"qr_cas_read_ok","value":4,"timestamp":1.6476291287180185E9,"request_id":1.6476291292432246E9,"from":0,"to":2},"id":141}
DEBUG:root:sending {"dest": "c12", "src": "n2", "body": {"msg_id": 27, "in_reply_to": 3, "type": "error", "code": 22, "text": "from value differs"}}
DEBUG:root:received {"dest":"n2","src":"n1","body":{"msg_id":21,"type":"qr_write","request_id":1.6476291297043164E9,"key":4,"value":2},"id":171}
INFO:root:reading key 4 from quorum node n1
DEBUG:root:sending {"dest": "n1", "src": "n2", "body": {"msg_id": 28, "in_reply_to": 21, "type": "qr_write_ok", "request_id": 1647629129.7043164}}
DEBUG:root:received {"dest":"n2","src":"n5","body":{"msg_id":36,"type":"qr_write","request_id":1.6476291298583896E9,"key":1,"value":4},"id":177}
INFO:root:reading key 1 from quorum node n5
DEBUG:root:sending {"dest": "n5", "src": "n2", "body": {"msg_id": 29, "in_reply_to": 36, "type": "qr_write_ok", "request_id": 1647629129.8583896}}
DEBUG:root:received {"dest":"n2","src":"n5","body":{"msg_id":42,"type":"qr_write","request_id":1.6476291301682005E9,"key":1,"value":2},"id":203}
INFO:root:reading key 1 from quorum node n5
DEBUG:root:sending {"dest": "n5", "src": "n2", "body": {"msg_id": 30, "in_reply_to": 42, "type": "qr_write_ok", "request_id": 1647629130.1682005}}
DEBUG:root:received {"dest":"n2","src":"n5","body":{"msg_id":47,"type":"qr_write","request_id":1.6476291305386095E9,"key":1,"value":3},"id":211}
INFO:root:reading key 1 from quorum node n5
DEBUG:root:sending {"dest": "n5", "src": "n2", "body": {"msg_id": 31, "in_reply_to": 47, "type": "qr_write_ok", "request_id": 1647629130.5386095}}
DEBUG:root:received {"dest":"n2","body":{"key":4,"from":4,"to":2,"type":"cas","msg_id":1},"src":"c27","id":216}
INFO:root:reading key 4
DEBUG:root:sending {"dest": "n2", "src": "n2", "body": {"msg_id": 32, "type": "qr_cas_read", "request_id": 1647629130.691774, "key": 4, "from": 4, "to": 2}}
DEBUG:root:sending {"dest": "n4", "src": "n2", "body": {"msg_id": 33, "type": "qr_cas_read", "request_id": 1647629130.691774, "key": 4, "from": 4, "to": 2}}
DEBUG:root:sending {"dest": "n3", "src": "n2", "body": {"msg_id": 34, "type": "qr_cas_read", "request_id": 1647629130.691774, "key": 4, "from": 4, "to": 2}}
DEBUG:root:received {"dest":"n2","src":"n2","body":{"msg_id":32,"type":"qr_cas_read","request_id":1.647629130691774E9,"key":4,"from":4,"to":2},"id":217}
INFO:root:reading key 4 from quorum node n2
DEBUG:root:sending {"dest": "n2", "src": "n2", "body": {"msg_id": 35, "in_reply_to": 32, "type": "qr_cas_read_ok", "value": 2, "timestamp": 1647629129.7043164, "request_id": 1647629130.691774, "from": 4, "to": 2}}
DEBUG:root:received {"dest":"n2","src":"n2","body":{"msg_id":35,"in_reply_to":32,"type":"qr_cas_read_ok","value":2,"timestamp":1.6476291297043164E9,"request_id":1.647629130691774E9,"from":4,"to":2},"id":220}
DEBUG:root:received {"dest":"n2","src":"n4","body":{"msg_id":47,"in_reply_to":33,"type":"qr_cas_read_ok","value":2,"timestamp":1.6476291297043164E9,"request_id":1.647629130691774E9,"from":4,"to":2},"id":221}
DEBUG:root:received {"dest":"n2","src":"n3","body":{"msg_id":37,"in_reply_to":34,"type":"qr_cas_read_ok","value":2,"timestamp":1.64762912965844E9,"request_id":1.647629130691774E9,"from":4,"to":2},"id":222}
DEBUG:root:sending {"dest": "c27", "src": "n2", "body": {"msg_id": 36, "in_reply_to": 1, "type": "error", "code": 22, "text": "from value differs"}}
DEBUG:root:received {"dest":"n2","src":"n3","body":{"msg_id":40,"type":"qr_cas_read","request_id":1.6476291310792825E9,"key":2,"from":1,"to":2},"id":227}
INFO:root:reading key 2 from quorum node n3
DEBUG:root:sending {"dest": "n3", "src": "n2", "body": {"msg_id": 37, "in_reply_to": 40, "type": "qr_cas_read_fail", "code": 20, "text": "Key does not exist", "request_id": 1647629131.0792825}}
DEBUG:root:received {"dest":"n2","body":{"key":4,"value":1,"type":"write","msg_id":1},"src":"c29","id":232}
INFO:root:writing key 4
DEBUG:root:sending {"dest": "n4", "src": "n2", "body": {"msg_id": 38, "type": "qr_write", "request_id": 1647629131.2127638, "key": 4, "value": 1}}
DEBUG:root:sending {"dest": "n3", "src": "n2", "body": {"msg_id": 39, "type": "qr_write", "request_id": 1647629131.2127638, "key": 4, "value": 1}}
DEBUG:root:sending {"dest": "n2", "src": "n2", "body": {"msg_id": 40, "type": "qr_write", "request_id": 1647629131.2127638, "key": 4, "value": 1}}
DEBUG:root:received {"dest":"n2","src":"n2","body":{"msg_id":40,"type":"qr_write","request_id":1.6476291312127638E9,"key":4,"value":1},"id":235}
INFO:root:reading key 4 from quorum node n2
DEBUG:root:sending {"dest": "n2", "src": "n2", "body": {"msg_id": 41, "in_reply_to": 40, "type": "qr_write_ok", "request_id": 1647629131.2127638}}
DEBUG:root:received {"dest":"n2","src":"n4","body":{"msg_id":48,"in_reply_to":38,"type":"qr_write_ok","request_id":1.6476291312127638E9},"id":236}
DEBUG:root:received {"dest":"n2","src":"n3","body":{"msg_id":42,"in_reply_to":39,"type":"qr_write_ok","request_id":1.6476291312127638E9},"id":237}
DEBUG:root:received {"dest":"n2","src":"n2","body":{"msg_id":41,"in_reply_to":40,"type":"qr_write_ok","request_id":1.6476291312127638E9},"id":238}
DEBUG:root:sending {"dest": "c29", "src": "n2", "body": {"msg_id": 42, "in_reply_to": 1, "type": "write_ok"}}
DEBUG:root:received {"dest":"n2","body":{"key":2,"from":2,"to":3,"type":"cas","msg_id":1},"src":"c30","id":240}
INFO:root:reading key 2
DEBUG:root:sending {"dest": "n5", "src": "n2", "body": {"msg_id": 43, "type": "qr_cas_read", "request_id": 1647629131.3809123, "key": 2, "from": 2, "to": 3}}
DEBUG:root:sending {"dest": "n3", "src": "n2", "body": {"msg_id": 44, "type": "qr_cas_read", "request_id": 1647629131.3809123, "key": 2, "from": 2, "to": 3}}
DEBUG:root:sending {"dest": "n1", "src": "n2", "body": {"msg_id": 45, "type": "qr_cas_read", "request_id": 1647629131.3809123, "key": 2, "from": 2, "to": 3}}
DEBUG:root:received {"dest":"n2","src":"n5","body":{"msg_id":50,"in_reply_to":43,"type":"qr_cas_read_ok","value":0,"timestamp":1.647629127383687E9,"request_id":1.6476291313809123E9,"from":2,"to":3},"id":244}
DEBUG:root:received {"dest":"n2","src":"n1","body":{"msg_id":27,"in_reply_to":45,"type":"qr_cas_read_fail","code":20,"text":"Key does not exist","request_id":1.6476291313809123E9},"id":245}
DEBUG:root:received {"dest":"n2","src":"n3","body":{"msg_id":43,"in_reply_to":44,"type":"qr_cas_read_ok","value":0,"timestamp":1.647629127383687E9,"request_id":1.6476291313809123E9,"from":2,"to":3},"id":246}
DEBUG:root:sending {"dest": "c30", "src": "n2", "body": {"msg_id": 46, "in_reply_to": 1, "type": "error", "code": 22, "text": "from value differs"}}
DEBUG:root:received {"dest":"n2","src":"n3","body":{"msg_id":45,"type":"qr_write","request_id":1.6476291317514386E9,"key":1,"value":0},"id":250}
INFO:root:reading key 1 from quorum node n3
DEBUG:root:sending {"dest": "n3", "src": "n2", "body": {"msg_id": 47, "in_reply_to": 45, "type": "qr_write_ok", "request_id": 1647629131.7514386}}
DEBUG:root:received {"dest":"n2","src":"n5","body":{"msg_id":53,"type":"qr_cas_read","request_id":1.6476291321413903E9,"key":2,"from":0,"to":4},"id":259}
INFO:root:reading key 2 from quorum node n5
DEBUG:root:sending {"dest": "n5", "src": "n2", "body": {"msg_id": 48, "in_reply_to": 53, "type": "qr_cas_read_fail", "code": 20, "text": "Key does not exist", "request_id": 1647629132.1413903}}
DEBUG:root:received {"dest":"n2","src":"n3","body":{"msg_id":49,"type":"qr_cas_read","request_id":1.647629132143438E9,"key":1,"from":2,"to":0},"id":261}
INFO:root:reading key 1 from quorum node n3
DEBUG:root:sending {"dest": "n3", "src": "n2", "body": {"msg_id": 49, "in_reply_to": 49, "type": "qr_cas_read_ok", "value": 0, "timestamp": 1647629131.7514386, "request_id": 1647629132.143438, "from": 2, "to": 0}}
DEBUG:root:received {"dest":"n2","src":"n5","body":{"msg_id":56,"type":"qr_cas_write","request_id":1.6476291321413903E9,"key":2,"value":4},"id":271}
INFO:root:reading key 2 from quorum node n5
DEBUG:root:sending {"dest": "n5", "src": "n2", "body": {"msg_id": 50, "in_reply_to": 56, "type": "qr_cas_write_ok", "request_id": 1647629132.1413903}}
DEBUG:root:received {"dest":"n2","body":{"key":4,"from":1,"to":0,"type":"cas","msg_id":2},"src":"c29","id":294}
INFO:root:reading key 4
DEBUG:root:sending {"dest": "n2", "src": "n2", "body": {"msg_id": 51, "type": "qr_cas_read", "request_id": 1647629132.6013796, "key": 4, "from": 1, "to": 0}}
DEBUG:root:sending {"dest": "n3", "src": "n2", "body": {"msg_id": 52, "type": "qr_cas_read", "request_id": 1647629132.6013796, "key": 4, "from": 1, "to": 0}}
DEBUG:root:sending {"dest": "n4", "src": "n2", "body": {"msg_id": 53, "type": "qr_cas_read", "request_id": 1647629132.6013796, "key": 4, "from": 1, "to": 0}}
DEBUG:root:received {"dest":"n2","src":"n2","body":{"msg_id":51,"type":"qr_cas_read","request_id":1.6476291326013796E9,"key":4,"from":1,"to":0},"id":296}
INFO:root:reading key 4 from quorum node n2
DEBUG:root:sending {"dest": "n2", "src": "n2", "body": {"msg_id": 54, "in_reply_to": 51, "type": "qr_cas_read_ok", "value": 1, "timestamp": 1647629131.2127638, "request_id": 1647629132.6013796, "from": 1, "to": 0}}
DEBUG:root:received {"dest":"n2","src":"n2","body":{"msg_id":54,"in_reply_to":51,"type":"qr_cas_read_ok","value":1,"timestamp":1.6476291312127638E9,"request_id":1.6476291326013796E9,"from":1,"to":0},"id":300}
DEBUG:root:received {"dest":"n2","src":"n3","body":{"msg_id":65,"type":"qr_write","request_id":1.6476291326039207E9,"key":1,"value":0},"id":299}
INFO:root:reading key 1 from quorum node n3
DEBUG:root:sending {"dest": "n3", "src": "n2", "body": {"msg_id": 55, "in_reply_to": 65, "type": "qr_write_ok", "request_id": 1647629132.6039207}}
DEBUG:root:received {"dest":"n2","src":"n3","body":{"msg_id":68,"in_reply_to":52,"type":"qr_cas_read_ok","value":1,"timestamp":1.6476291312127638E9,"request_id":1.6476291326013796E9,"from":1,"to":0},"id":303}
DEBUG:root:received {"dest":"n2","src":"n4","body":{"msg_id":52,"in_reply_to":53,"type":"qr_cas_read_ok","value":1,"timestamp":1.6476291312127638E9,"request_id":1.6476291326013796E9,"from":1,"to":0},"id":304}
DEBUG:root:sending {"dest": "n2", "src": "n2", "body": {"msg_id": 56, "type": "qr_cas_write", "request_id": 1647629132.6013796, "key": 1, "value": 0}}
DEBUG:root:sending {"dest": "n3", "src": "n2", "body": {"msg_id": 57, "type": "qr_cas_write", "request_id": 1647629132.6013796, "key": 1, "value": 0}}
DEBUG:root:sending {"dest": "n4", "src": "n2", "body": {"msg_id": 58, "type": "qr_cas_write", "request_id": 1647629132.6013796, "key": 1, "value": 0}}
DEBUG:root:received {"dest":"n2","src":"n2","body":{"msg_id":56,"type":"qr_cas_write","request_id":1.6476291326013796E9,"key":1,"value":0},"id":307}
INFO:root:reading key 1 from quorum node n2
DEBUG:root:sending {"dest": "n2", "src": "n2", "body": {"msg_id": 59, "in_reply_to": 56, "type": "qr_cas_write_ok", "request_id": 1647629132.6013796}}
DEBUG:root:received {"dest":"n2","src":"n3","body":{"msg_id":71,"in_reply_to":57,"type":"qr_cas_write_ok","request_id":1.6476291326013796E9},"id":312}
DEBUG:root:received {"dest":"n2","src":"n2","body":{"msg_id":59,"in_reply_to":56,"type":"qr_cas_write_ok","request_id":1.6476291326013796E9},"id":313}
DEBUG:root:received {"dest":"n2","src":"n4","body":{"msg_id":53,"in_reply_to":58,"type":"qr_cas_write_ok","request_id":1.6476291326013796E9},"id":314}
DEBUG:root:sending {"dest": "c29", "src": "n2", "body": {"msg_id": 60, "in_reply_to": 2, "type": "cas_ok"}}
DEBUG:root:received {"dest":"n2","src":"n3","body":{"msg_id":75,"type":"qr_cas_read","request_id":1.6476291333077652E9,"key":2,"from":4,"to":2},"id":342}
INFO:root:reading key 2 from quorum node n3
DEBUG:root:sending {"dest": "n3", "src": "n2", "body": {"msg_id": 61, "in_reply_to": 75, "type": "qr_cas_read_ok", "value": 4, "timestamp": 1647629132.1413903, "request_id": 1647629133.3077652, "from": 4, "to": 2}}
DEBUG:root:received {"dest":"n2","src":"n3","body":{"msg_id":79,"type":"qr_cas_write","request_id":1.6476291333077652E9,"key":2,"value":2},"id":348}
INFO:root:reading key 2 from quorum node n3
DEBUG:root:sending {"dest": "n3", "src": "n2", "body": {"msg_id": 62, "in_reply_to": 79, "type": "qr_cas_write_ok", "request_id": 1647629133.3077652}}
DEBUG:root:received {"dest":"n2","src":"n3","body":{"msg_id":83,"type":"qr_cas_read","request_id":1.6476291339516003E9,"key":4,"from":1,"to":0},"id":363}
INFO:root:reading key 4 from quorum node n3
DEBUG:root:sending {"dest": "n3", "src": "n2", "body": {"msg_id": 63, "in_reply_to": 83, "type": "qr_cas_read_ok", "value": 1, "timestamp": 1647629131.2127638, "request_id": 1647629133.9516003, "from": 1, "to": 0}}
DEBUG:root:received {"dest":"n2","src":"n3","body":{"msg_id":86,"type":"qr_cas_write","request_id":1.6476291339516003E9,"key":4,"value":0},"id":369}
INFO:root:reading key 4 from quorum node n3
DEBUG:root:sending {"dest": "n3", "src": "n2", "body": {"msg_id": 64, "in_reply_to": 86, "type": "qr_cas_write_ok", "request_id": 1647629133.9516003}}
DEBUG:root:received {"dest":"n2","body":{"key":1,"from":3,"to":4,"type":"cas","msg_id":1},"src":"c35","id":392}
INFO:root:reading key 1
DEBUG:root:sending {"dest": "n3", "src": "n2", "body": {"msg_id": 65, "type": "qr_cas_read", "request_id": 1647629134.1430697, "key": 1, "from": 3, "to": 4}}
DEBUG:root:sending {"dest": "n5", "src": "n2", "body": {"msg_id": 66, "type": "qr_cas_read", "request_id": 1647629134.1430697, "key": 1, "from": 3, "to": 4}}
DEBUG:root:sending {"dest": "n4", "src": "n2", "body": {"msg_id": 67, "type": "qr_cas_read", "request_id": 1647629134.1430697, "key": 1, "from": 3, "to": 4}}
DEBUG:root:received {"dest":"n2","src":"n3","body":{"msg_id":95,"in_reply_to":65,"type":"qr_cas_read_ok","value":3,"timestamp":1.647629133099214E9,"request_id":1.6476291341430697E9,"from":3,"to":4},"id":396}
DEBUG:root:received {"dest":"n2","src":"n5","body":{"msg_id":72,"in_reply_to":66,"type":"qr_cas_read_ok","value":0,"timestamp":1.6476291326039207E9,"request_id":1.6476291341430697E9,"from":3,"to":4},"id":397}
DEBUG:root:received {"dest":"n2","src":"n4","body":{"msg_id":74,"in_reply_to":67,"type":"qr_cas_read_ok","value":3,"timestamp":1.647629133099214E9,"request_id":1.6476291341430697E9,"from":3,"to":4},"id":398}
DEBUG:root:sending {"dest": "n3", "src": "n2", "body": {"msg_id": 68, "type": "qr_cas_write", "request_id": 1647629134.1430697, "key": 1, "value": 4}}
DEBUG:root:sending {"dest": "n5", "src": "n2", "body": {"msg_id": 69, "type": "qr_cas_write", "request_id": 1647629134.1430697, "key": 1, "value": 4}}
DEBUG:root:sending {"dest": "n4", "src": "n2", "body": {"msg_id": 70, "type": "qr_cas_write", "request_id": 1647629134.1430697, "key": 1, "value": 4}}
DEBUG:root:received {"dest":"n2","src":"n3","body":{"msg_id":96,"in_reply_to":68,"type":"qr_cas_write_ok","request_id":1.6476291341430697E9},"id":402}
DEBUG:root:received {"dest":"n2","src":"n5","body":{"msg_id":73,"in_reply_to":69,"type":"qr_cas_write_ok","request_id":1.6476291341430697E9},"id":403}
DEBUG:root:received {"dest":"n2","src":"n4","body":{"msg_id":75,"in_reply_to":70,"type":"qr_cas_write_ok","request_id":1.6476291341430697E9},"id":404}
DEBUG:root:sending {"dest": "c35", "src": "n2", "body": {"msg_id": 71, "in_reply_to": 1, "type": "cas_ok"}}
DEBUG:root:received {"dest":"n2","src":"n3","body":{"msg_id":103,"type":"qr_cas_read","request_id":1.6476291347374253E9,"key":3,"from":2,"to":4},"id":417}
INFO:root:reading key 3 from quorum node n3
DEBUG:root:sending {"dest": "n3", "src": "n2", "body": {"msg_id": 72, "in_reply_to": 103, "type": "qr_cas_read_ok", "value": 4, "timestamp": 1647629128.7180185, "request_id": 1647629134.7374253, "from": 2, "to": 4}}
DEBUG:root:received {"dest":"n2","src":"n1","body":{"msg_id":45,"type":"qr_write","request_id":1.6476291350902815E9,"key":2,"value":0},"id":425}
INFO:root:reading key 2 from quorum node n1
DEBUG:root:sending {"dest": "n1", "src": "n2", "body": {"msg_id": 73, "in_reply_to": 45, "type": "qr_write_ok", "request_id": 1647629135.0902815}}
DEBUG:root:received {"dest":"n2","src":"n5","body":{"msg_id":76,"type":"qr_cas_read","request_id":1.6476291351204753E9,"key":4,"from":1,"to":4},"id":431}
INFO:root:reading key 4 from quorum node n5
DEBUG:root:sending {"dest": "n5", "src": "n2", "body": {"msg_id": 74, "in_reply_to": 76, "type": "qr_cas_read_ok", "value": 0, "timestamp": 1647629133.9516003, "request_id": 1647629135.1204753, "from": 1, "to": 4}}
DEBUG:root:received {"dest":"n2","src":"n4","body":{"msg_id":80,"type":"qr_cas_read","request_id":1.6476291354952474E9,"key":2,"from":2,"to":2},"id":440}
INFO:root:reading key 2 from quorum node n4
DEBUG:root:sending {"dest": "n4", "src": "n2", "body": {"msg_id": 75, "in_reply_to": 80, "type": "qr_cas_read_ok", "value": 0, "timestamp": 1647629135.0902815, "request_id": 1647629135.4952474, "from": 2, "to": 2}}
DEBUG:root:received {"dest":"n2","src":"n1","body":{"msg_id":50,"type":"qr_write","request_id":1.6476291355388863E9,"key":0,"value":4},"id":448}
INFO:root:reading key 0 from quorum node n1
DEBUG:root:sending {"dest": "n1", "src": "n2", "body": {"msg_id": 76, "in_reply_to": 50, "type": "qr_write_ok", "request_id": 1647629135.5388863}}
DEBUG:root:received {"dest":"n2","src":"n3","body":{"msg_id":110,"type":"qr_write","request_id":1.6476291357850413E9,"key":1,"value":0},"id":457}
INFO:root:reading key 1 from quorum node n3
DEBUG:root:sending {"dest": "n3", "src": "n2", "body": {"msg_id": 77, "in_reply_to": 110, "type": "qr_write_ok", "request_id": 1647629135.7850413}}
DEBUG:root:received {"dest":"n2","body":{"key":2,"from":4,"to":1,"type":"cas","msg_id":2},"src":"c13","id":462}
INFO:root:reading key 2
DEBUG:root:sending {"dest": "n2", "src": "n2", "body": {"msg_id": 78, "type": "qr_cas_read", "request_id": 1647629136.0942976, "key": 2, "from": 4, "to": 1}}
DEBUG:root:sending {"dest": "n4", "src": "n2", "body": {"msg_id": 79, "type": "qr_cas_read", "request_id": 1647629136.0942976, "key": 2, "from": 4, "to": 1}}
DEBUG:root:sending {"dest": "n1", "src": "n2", "body": {"msg_id": 80, "type": "qr_cas_read", "request_id": 1647629136.0942976, "key": 2, "from": 4, "to": 1}}
DEBUG:root:received {"dest":"n2","src":"n2","body":{"msg_id":78,"type":"qr_cas_read","request_id":1.6476291360942976E9,"key":2,"from":4,"to":1},"id":463}
INFO:root:reading key 2 from quorum node n2
DEBUG:root:sending {"dest": "n2", "src": "n2", "body": {"msg_id": 81, "in_reply_to": 78, "type": "qr_cas_read_ok", "value": 0, "timestamp": 1647629135.0902815, "request_id": 1647629136.0942976, "from": 4, "to": 1}}
DEBUG:root:received {"dest":"n2","src":"n2","body":{"msg_id":81,"in_reply_to":78,"type":"qr_cas_read_ok","value":0,"timestamp":1.6476291350902815E9,"request_id":1.6476291360942976E9,"from":4,"to":1},"id":466}
DEBUG:root:received {"dest":"n2","src":"n1","body":{"msg_id":53,"in_reply_to":80,"type":"qr_cas_read_ok","value":4,"timestamp":1.6476291336572359E9,"request_id":1.6476291360942976E9,"from":4,"to":1},"id":467}
DEBUG:root:received {"dest":"n2","src":"n4","body":{"msg_id":85,"in_reply_to":79,"type":"qr_cas_read_ok","value":0,"timestamp":1.6476291350902815E9,"request_id":1.6476291360942976E9,"from":4,"to":1},"id":468}
DEBUG:root:sending {"dest": "c13", "src": "n2", "body": {"msg_id": 82, "in_reply_to": 2, "type": "error", "code": 22, "text": "from value differs"}}
DEBUG:root:received {"dest":"n2","src":"n1","body":{"msg_id":54,"type":"qr_write","request_id":1.647629136156526E9,"key":1,"value":0},"id":471}
INFO:root:reading key 1 from quorum node n1
DEBUG:root:sending {"dest": "n1", "src": "n2", "body": {"msg_id": 83, "in_reply_to": 54, "type": "qr_write_ok", "request_id": 1647629136.156526}}
DEBUG:root:received {"dest":"n2","src":"n3","body":{"msg_id":115,"type":"qr_cas_read","request_id":1.6476291362051895E9,"key":3,"from":1,"to":1},"id":480}
INFO:root:reading key 3 from quorum node n3
DEBUG:root:sending {"dest": "n3", "src": "n2", "body": {"msg_id": 84, "in_reply_to": 115, "type": "qr_cas_read_ok", "value": 4, "timestamp": 1647629128.7180185, "request_id": 1647629136.2051895, "from": 1, "to": 1}}
DEBUG:root:received {"dest":"n2","src":"n5","body":{"msg_id":82,"type":"qr_cas_read","request_id":1.6476291364462197E9,"key":3,"from":1,"to":2},"id":488}
INFO:root:reading key 3 from quorum node n5
DEBUG:root:sending {"dest": "n5", "src": "n2", "body": {"msg_id": 85, "in_reply_to": 82, "type": "qr_cas_read_ok", "value": 4, "timestamp": 1647629128.7180185, "request_id": 1647629136.4462197, "from": 1, "to": 2}}
DEBUG:root:received {"dest":"n2","body":{"key":4,"from":0,"to":4,"type":"cas","msg_id":3},"src":"c29","id":494}
INFO:root:reading key 4
DEBUG:root:sending {"dest": "n1", "src": "n2", "body": {"msg_id": 86, "type": "qr_cas_read", "request_id": 1647629136.6485825, "key": 4, "from": 0, "to": 4}}
DEBUG:root:sending {"dest": "n5", "src": "n2", "body": {"msg_id": 87, "type": "qr_cas_read", "request_id": 1647629136.6485825, "key": 4, "from": 0, "to": 4}}
DEBUG:root:sending {"dest": "n2", "src": "n2", "body": {"msg_id": 88, "type": "qr_cas_read", "request_id": 1647629136.6485825, "key": 4, "from": 0, "to": 4}}
DEBUG:root:received {"dest":"n2","src":"n2","body":{"msg_id":88,"type":"qr_cas_read","request_id":1.6476291366485825E9,"key":4,"from":0,"to":4},"id":497}
INFO:root:reading key 4 from quorum node n2
DEBUG:root:sending {"dest": "n2", "src": "n2", "body": {"msg_id": 89, "in_reply_to": 88, "type": "qr_cas_read_ok", "value": 0, "timestamp": 1647629133.9516003, "request_id": 1647629136.6485825, "from": 0, "to": 4}}
DEBUG:root:received {"dest":"n2","src":"n5","body":{"msg_id":85,"in_reply_to":87,"type":"qr_cas_read_ok","value":0,"timestamp":1.6476291339516003E9,"request_id":1.6476291366485825E9,"from":0,"to":4},"id":500}
DEBUG:root:received {"dest":"n2","src":"n1","body":{"msg_id":60,"in_reply_to":86,"type":"qr_cas_read_fail","code":20,"text":"Key does not exist","request_id":1.6476291366485825E9},"id":498}
DEBUG:root:received {"dest":"n2","src":"n2","body":{"msg_id":89,"in_reply_to":88,"type":"qr_cas_read_ok","value":0,"timestamp":1.6476291339516003E9,"request_id":1.6476291366485825E9,"from":0,"to":4},"id":499}
DEBUG:root:sending {"dest": "n1", "src": "n2", "body": {"msg_id": 90, "type": "qr_cas_write", "request_id": 1647629136.6485825, "key": 4, "value": 4}}
DEBUG:root:sending {"dest": "n5", "src": "n2", "body": {"msg_id": 91, "type": "qr_cas_write", "request_id": 1647629136.6485825, "key": 4, "value": 4}}
DEBUG:root:sending {"dest": "n2", "src": "n2", "body": {"msg_id": 92, "type": "qr_cas_write", "request_id": 1647629136.6485825, "key": 4, "value": 4}}
DEBUG:root:received {"dest":"n2","src":"n2","body":{"msg_id":92,"type":"qr_cas_write","request_id":1.6476291366485825E9,"key":4,"value":4},"id":503}
INFO:root:reading key 4 from quorum node n2
DEBUG:root:sending {"dest": "n2", "src": "n2", "body": {"msg_id": 93, "in_reply_to": 92, "type": "qr_cas_write_ok", "request_id": 1647629136.6485825}}
DEBUG:root:received {"dest":"n2","src":"n1","body":{"msg_id":61,"in_reply_to":90,"type":"qr_cas_write_ok","request_id":1.6476291366485825E9},"id":505}
DEBUG:root:received {"dest":"n2","src":"n5","body":{"msg_id":86,"in_reply_to":91,"type":"qr_cas_write_ok","request_id":1.6476291366485825E9},"id":504}
DEBUG:root:received {"dest":"n2","src":"n2","body":{"msg_id":93,"in_reply_to":92,"type":"qr_cas_write_ok","request_id":1.6476291366485825E9},"id":506}
DEBUG:root:sending {"dest": "c29", "src": "n2", "body": {"msg_id": 94, "in_reply_to": 3, "type": "cas_ok"}}
