DEBUG:root:received {"dest":"n1","body":{"type":"init","node_id":"n1","node_ids":["n1","n2","n3","n4","n5"],"msg_id":1},"src":"c2","id":2}
INFO:root:node n1 initialized
DEBUG:root:sending {"dest": "c2", "src": "n1", "body": {"msg_id": 1, "in_reply_to": 1, "type": "init_ok"}}
DEBUG:root:received {"dest":"n1","src":"n3","body":{"msg_id":9,"type":"qr_cas_read","request_id":1.6476293571944902E9,"key":2,"from":2,"to":3},"id":29}
INFO:root:reading key 2 from quorum node n3
DEBUG:root:sending {"dest": "n3", "src": "n1", "body": {"msg_id": 2, "in_reply_to": 9, "type": "qr_cas_read_fail", "code": 20, "text": "Key does not exist", "request_id": 1647629357.1944902}}
DEBUG:root:received {"dest":"n1","src":"n5","body":{"msg_id":7,"type":"qr_cas_read","request_id":1.6476293575081403E9,"key":1,"from":4,"to":2},"id":45}
INFO:root:reading key 1 from quorum node n5
DEBUG:root:sending {"dest": "n5", "src": "n1", "body": {"msg_id": 3, "in_reply_to": 7, "type": "qr_cas_read_fail", "code": 20, "text": "Key does not exist", "request_id": 1647629357.5081403}}
DEBUG:root:received {"dest":"n1","src":"n4","body":{"msg_id":12,"type":"qr_cas_read","request_id":1.6476293577905052E9,"key":3,"from":0,"to":3},"id":53}
INFO:root:reading key 3 from quorum node n4
DEBUG:root:sending {"dest": "n4", "src": "n1", "body": {"msg_id": 4, "in_reply_to": 12, "type": "qr_cas_read_fail", "code": 20, "text": "Key does not exist", "request_id": 1647629357.7905052}}
DEBUG:root:received {"dest":"n1","body":{"key":4,"from":0,"to":3,"type":"cas","msg_id":1},"src":"c16","id":58}
INFO:root:reading key 4
DEBUG:root:sending {"dest": "n5", "src": "n1", "body": {"msg_id": 5, "type": "qr_cas_read", "request_id": 1647629357.8408062, "key": 4, "from": 0, "to": 3}}
DEBUG:root:sending {"dest": "n2", "src": "n1", "body": {"msg_id": 6, "type": "qr_cas_read", "request_id": 1647629357.8408062, "key": 4, "from": 0, "to": 3}}
DEBUG:root:sending {"dest": "n1", "src": "n1", "body": {"msg_id": 7, "type": "qr_cas_read", "request_id": 1647629357.8408062, "key": 4, "from": 0, "to": 3}}
DEBUG:root:received {"dest":"n1","src":"n1","body":{"msg_id":7,"type":"qr_cas_read","request_id":1.6476293578408062E9,"key":4,"from":0,"to":3},"id":61}
INFO:root:reading key 4 from quorum node n1
DEBUG:root:sending {"dest": "n1", "src": "n1", "body": {"msg_id": 8, "in_reply_to": 7, "type": "qr_cas_read_fail", "code": 20, "text": "Key does not exist", "request_id": 1647629357.8408062}}
DEBUG:root:received {"dest":"n1","src":"n5","body":{"msg_id":9,"in_reply_to":5,"type":"qr_cas_read_fail","code":20,"text":"Key does not exist","request_id":1.6476293578408062E9},"id":62}
DEBUG:root:received {"dest":"n1","src":"n2","body":{"msg_id":8,"in_reply_to":6,"type":"qr_cas_read_fail","code":20,"text":"Key does not exist","request_id":1.6476293578408062E9},"id":63}
DEBUG:root:received {"dest":"n1","src":"n1","body":{"msg_id":8,"in_reply_to":7,"type":"qr_cas_read_fail","code":20,"text":"Key does not exist","request_id":1.6476293578408062E9},"id":64}
DEBUG:root:sending {"dest": "c16", "src": "n1", "body": {"msg_id": 9, "in_reply_to": 1, "type": "error", "code": 20, "text": "Key does not exist"}}
DEBUG:root:received {"dest":"n1","body":{"key":1,"value":1,"type":"write","msg_id":1},"src":"c17","id":66}
INFO:root:writing key 1
DEBUG:root:sending {"dest": "n2", "src": "n1", "body": {"msg_id": 10, "type": "qr_write", "request_id": 1647629358.2375987, "key": 1, "value": 1}}
DEBUG:root:sending {"dest": "n4", "src": "n1", "body": {"msg_id": 11, "type": "qr_write", "request_id": 1647629358.2375987, "key": 1, "value": 1}}
DEBUG:root:sending {"dest": "n3", "src": "n1", "body": {"msg_id": 12, "type": "qr_write", "request_id": 1647629358.2375987, "key": 1, "value": 1}}
DEBUG:root:received {"dest":"n1","src":"n4","body":{"msg_id":15,"in_reply_to":11,"type":"qr_write_ok","request_id":1.6476293582375987E9},"id":70}
DEBUG:root:received {"dest":"n1","src":"n2","body":{"msg_id":9,"in_reply_to":10,"type":"qr_write_ok","request_id":1.6476293582375987E9},"id":71}
DEBUG:root:received {"dest":"n1","src":"n3","body":{"msg_id":15,"in_reply_to":12,"type":"qr_write_ok","request_id":1.6476293582375987E9},"id":72}
DEBUG:root:sending {"dest": "c17", "src": "n1", "body": {"msg_id": 13, "in_reply_to": 1, "type": "write_ok"}}
DEBUG:root:received {"dest":"n1","src":"n3","body":{"msg_id":18,"type":"qr_cas_read","request_id":1.647629358449409E9,"key":0,"from":3,"to":3},"id":77}
INFO:root:reading key 0 from quorum node n3
DEBUG:root:sending {"dest": "n3", "src": "n1", "body": {"msg_id": 14, "in_reply_to": 18, "type": "qr_cas_read_fail", "code": 20, "text": "Key does not exist", "request_id": 1647629358.449409}}
DEBUG:root:received {"dest":"n1","src":"n2","body":{"msg_id":12,"type":"qr_cas_read","request_id":1.647629358618906E9,"key":4,"from":1,"to":1},"id":85}
INFO:root:reading key 4 from quorum node n2
DEBUG:root:sending {"dest": "n2", "src": "n1", "body": {"msg_id": 15, "in_reply_to": 12, "type": "qr_cas_read_fail", "code": 20, "text": "Key does not exist", "request_id": 1647629358.618906}}
DEBUG:root:received {"dest":"n1","body":{"key":0,"type":"read","msg_id":1},"src":"c20","id":90}
INFO:root:reading key 0
DEBUG:root:sending {"dest": "n1", "src": "n1", "body": {"msg_id": 16, "type": "qr_read", "request_id": 1647629358.712011, "key": 0}}
DEBUG:root:sending {"dest": "n3", "src": "n1", "body": {"msg_id": 17, "type": "qr_read", "request_id": 1647629358.712011, "key": 0}}
DEBUG:root:sending {"dest": "n4", "src": "n1", "body": {"msg_id": 18, "type": "qr_read", "request_id": 1647629358.712011, "key": 0}}
DEBUG:root:received {"dest":"n1","src":"n1","body":{"msg_id":16,"type":"qr_read","request_id":1.647629358712011E9,"key":0},"id":91}
INFO:root:reading key 0 from quorum node n1
DEBUG:root:sending {"dest": "n1", "src": "n1", "body": {"msg_id": 19, "in_reply_to": 16, "type": "qr_read_fail", "code": 20, "text": "Key does not exist", "request_id": 1647629358.712011}}
DEBUG:root:received {"dest":"n1","src":"n1","body":{"msg_id":19,"in_reply_to":16,"type":"qr_read_fail","code":20,"text":"Key does not exist","request_id":1.647629358712011E9},"id":94}
DEBUG:root:received {"dest":"n1","src":"n3","body":{"msg_id":21,"in_reply_to":17,"type":"qr_read_fail","code":20,"text":"Key does not exist","request_id":1.647629358712011E9},"id":96}
DEBUG:root:received {"dest":"n1","src":"n4","body":{"msg_id":17,"in_reply_to":18,"type":"qr_read_fail","code":20,"text":"Key does not exist","request_id":1.647629358712011E9},"id":95}
DEBUG:root:sending {"dest": "c20", "src": "n1", "body": {"msg_id": 20, "in_reply_to": 1, "type": "error", "code": 20, "text": "Key does not exist"}}
DEBUG:root:received {"dest":"n1","src":"n5","body":{"msg_id":11,"type":"qr_read","request_id":1.647629359062502E9,"key":0},"id":99}
INFO:root:reading key 0 from quorum node n5
DEBUG:root:sending {"dest": "n5", "src": "n1", "body": {"msg_id": 21, "in_reply_to": 11, "type": "qr_read_fail", "code": 20, "text": "Key does not exist", "request_id": 1647629359.062502}}
DEBUG:root:received {"dest":"n1","body":{"key":2,"from":3,"to":3,"type":"cas","msg_id":1},"src":"c22","id":106}
INFO:root:reading key 2
DEBUG:root:sending {"dest": "n2", "src": "n1", "body": {"msg_id": 22, "type": "qr_cas_read", "request_id": 1647629359.2933354, "key": 2, "from": 3, "to": 3}}
DEBUG:root:sending {"dest": "n5", "src": "n1", "body": {"msg_id": 23, "type": "qr_cas_read", "request_id": 1647629359.2933354, "key": 2, "from": 3, "to": 3}}
DEBUG:root:sending {"dest": "n3", "src": "n1", "body": {"msg_id": 24, "type": "qr_cas_read", "request_id": 1647629359.2933354, "key": 2, "from": 3, "to": 3}}
DEBUG:root:received {"dest":"n1","src":"n2","body":{"msg_id":15,"in_reply_to":22,"type":"qr_cas_read_fail","code":20,"text":"Key does not exist","request_id":1.6476293592933354E9},"id":110}
DEBUG:root:received {"dest":"n1","src":"n5","body":{"msg_id":16,"in_reply_to":23,"type":"qr_cas_read_fail","code":20,"text":"Key does not exist","request_id":1.6476293592933354E9},"id":111}
DEBUG:root:received {"dest":"n1","src":"n3","body":{"msg_id":22,"in_reply_to":24,"type":"qr_cas_read_fail","code":20,"text":"Key does not exist","request_id":1.6476293592933354E9},"id":112}
DEBUG:root:sending {"dest": "c22", "src": "n1", "body": {"msg_id": 25, "in_reply_to": 1, "type": "error", "code": 20, "text": "Key does not exist"}}
DEBUG:root:received {"dest":"n1","src":"n5","body":{"msg_id":19,"type":"qr_cas_read","request_id":1.6476293593551493E9,"key":1,"from":3,"to":2},"id":117}
INFO:root:reading key 1 from quorum node n5
DEBUG:root:sending {"dest": "n5", "src": "n1", "body": {"msg_id": 26, "in_reply_to": 19, "type": "qr_cas_read_fail", "code": 20, "text": "Key does not exist", "request_id": 1647629359.3551493}}
DEBUG:root:received {"dest":"n1","src":"n5","body":{"msg_id":24,"type":"qr_read","request_id":1.6476293594064837E9,"key":0},"id":125}
INFO:root:reading key 0 from quorum node n5
DEBUG:root:sending {"dest": "n5", "src": "n1", "body": {"msg_id": 27, "in_reply_to": 24, "type": "qr_read_fail", "code": 20, "text": "Key does not exist", "request_id": 1647629359.4064837}}
DEBUG:root:received {"dest":"n1","src":"n3","body":{"msg_id":35,"type":"qr_cas_read","request_id":1.6476293602187846E9,"key":2,"from":0,"to":0},"id":155}
INFO:root:reading key 2 from quorum node n3
DEBUG:root:sending {"dest": "n3", "src": "n1", "body": {"msg_id": 28, "in_reply_to": 35, "type": "qr_cas_read_fail", "code": 20, "text": "Key does not exist", "request_id": 1647629360.2187846}}
DEBUG:root:received {"dest":"n1","src":"n5","body":{"msg_id":36,"type":"qr_cas_read","request_id":1.6476293603556662E9,"key":0,"from":0,"to":0},"id":165}
INFO:root:reading key 0 from quorum node n5
DEBUG:root:sending {"dest": "n5", "src": "n1", "body": {"msg_id": 29, "in_reply_to": 36, "type": "qr_cas_read_fail", "code": 20, "text": "Key does not exist", "request_id": 1647629360.3556662}}
DEBUG:root:received {"dest":"n1","src":"n5","body":{"msg_id":39,"type":"qr_write","request_id":1.6476293604067166E9,"key":2,"value":3},"id":177}
INFO:root:reading key 2 from quorum node n5
DEBUG:root:sending {"dest": "n5", "src": "n1", "body": {"msg_id": 30, "in_reply_to": 39, "type": "qr_write_ok", "request_id": 1647629360.4067166}}
DEBUG:root:received {"dest":"n1","body":{"key":4,"from":3,"to":2,"type":"cas","msg_id":2},"src":"c16","id":202}
INFO:root:reading key 4
DEBUG:root:sending {"dest": "n1", "src": "n1", "body": {"msg_id": 31, "type": "qr_cas_read", "request_id": 1647629360.8757539, "key": 4, "from": 3, "to": 2}}
DEBUG:root:sending {"dest": "n5", "src": "n1", "body": {"msg_id": 32, "type": "qr_cas_read", "request_id": 1647629360.8757539, "key": 4, "from": 3, "to": 2}}
DEBUG:root:sending {"dest": "n2", "src": "n1", "body": {"msg_id": 33, "type": "qr_cas_read", "request_id": 1647629360.8757539, "key": 4, "from": 3, "to": 2}}
DEBUG:root:received {"dest":"n1","src":"n1","body":{"msg_id":31,"type":"qr_cas_read","request_id":1.6476293608757539E9,"key":4,"from":3,"to":2},"id":203}
INFO:root:reading key 4 from quorum node n1
DEBUG:root:sending {"dest": "n1", "src": "n1", "body": {"msg_id": 34, "in_reply_to": 31, "type": "qr_cas_read_fail", "code": 20, "text": "Key does not exist", "request_id": 1647629360.8757539}}
DEBUG:root:received {"dest":"n1","src":"n1","body":{"msg_id":34,"in_reply_to":31,"type":"qr_cas_read_fail","code":20,"text":"Key does not exist","request_id":1.6476293608757539E9},"id":206}
DEBUG:root:received {"dest":"n1","src":"n5","body":{"msg_id":45,"in_reply_to":32,"type":"qr_cas_read_fail","code":20,"text":"Key does not exist","request_id":1.6476293608757539E9},"id":207}
DEBUG:root:received {"dest":"n1","src":"n2","body":{"msg_id":29,"in_reply_to":33,"type":"qr_cas_read_fail","code":20,"text":"Key does not exist","request_id":1.6476293608757539E9},"id":208}
DEBUG:root:sending {"dest": "c16", "src": "n1", "body": {"msg_id": 35, "in_reply_to": 2, "type": "error", "code": 20, "text": "Key does not exist"}}
DEBUG:root:received {"dest":"n1","src":"n2","body":{"msg_id":38,"type":"qr_cas_read","request_id":1.6476293613842323E9,"key":0,"from":1,"to":3},"id":236}
INFO:root:reading key 0 from quorum node n2
DEBUG:root:sending {"dest": "n2", "src": "n1", "body": {"msg_id": 36, "in_reply_to": 38, "type": "qr_cas_read_fail", "code": 20, "text": "Key does not exist", "request_id": 1647629361.3842323}}
DEBUG:root:received {"dest":"n1","src":"n4","body":{"msg_id":27,"type":"qr_write","request_id":1.6476293614605665E9,"key":4,"value":0},"id":243}
INFO:root:reading key 4 from quorum node n4
DEBUG:root:sending {"dest": "n4", "src": "n1", "body": {"msg_id": 37, "in_reply_to": 27, "type": "qr_write_ok", "request_id": 1647629361.4605665}}
DEBUG:root:received {"dest":"n1","body":{"key":0,"type":"read","msg_id":2},"src":"c20","id":250}
INFO:root:reading key 0
DEBUG:root:sending {"dest": "n1", "src": "n1", "body": {"msg_id": 38, "type": "qr_read", "request_id": 1647629361.659228, "key": 0}}
DEBUG:root:sending {"dest": "n4", "src": "n1", "body": {"msg_id": 39, "type": "qr_read", "request_id": 1647629361.659228, "key": 0}}
DEBUG:root:sending {"dest": "n5", "src": "n1", "body": {"msg_id": 40, "type": "qr_read", "request_id": 1647629361.659228, "key": 0}}
DEBUG:root:received {"dest":"n1","src":"n1","body":{"msg_id":38,"type":"qr_read","request_id":1.647629361659228E9,"key":0},"id":251}
INFO:root:reading key 0 from quorum node n1
DEBUG:root:sending {"dest": "n1", "src": "n1", "body": {"msg_id": 41, "in_reply_to": 38, "type": "qr_read_fail", "code": 20, "text": "Key does not exist", "request_id": 1647629361.659228}}
DEBUG:root:received {"dest":"n1","src":"n1","body":{"msg_id":41,"in_reply_to":38,"type":"qr_read_fail","code":20,"text":"Key does not exist","request_id":1.647629361659228E9},"id":254}
DEBUG:root:received {"dest":"n1","src":"n4","body":{"msg_id":32,"in_reply_to":39,"type":"qr_read_ok","value":3,"timestamp":1.6476293608605032E9,"request_id":1.647629361659228E9},"id":255}
DEBUG:root:received {"dest":"n1","src":"n5","body":{"msg_id":48,"in_reply_to":40,"type":"qr_read_ok","value":3,"timestamp":1.6476293608605032E9,"request_id":1.647629361659228E9},"id":256}
DEBUG:root:sending {"dest": "c20", "src": "n1", "body": {"msg_id": 42, "in_reply_to": 2, "type": "read_ok", "value": 3}}
DEBUG:root:received {"dest":"n1","src":"n2","body":{"msg_id":43,"type":"qr_cas_read","request_id":1.6476293618440175E9,"key":3,"from":4,"to":3},"id":260}
INFO:root:reading key 3 from quorum node n2
DEBUG:root:sending {"dest": "n2", "src": "n1", "body": {"msg_id": 43, "in_reply_to": 43, "type": "qr_cas_read_fail", "code": 20, "text": "Key does not exist", "request_id": 1647629361.8440175}}
DEBUG:root:received {"dest":"n1","body":{"key":2,"from":2,"to":3,"type":"cas","msg_id":1},"src":"c32","id":266}
INFO:root:reading key 2
DEBUG:root:sending {"dest": "n1", "src": "n1", "body": {"msg_id": 44, "type": "qr_cas_read", "request_id": 1647629362.185998, "key": 2, "from": 2, "to": 3}}
DEBUG:root:sending {"dest": "n2", "src": "n1", "body": {"msg_id": 45, "type": "qr_cas_read", "request_id": 1647629362.185998, "key": 2, "from": 2, "to": 3}}
DEBUG:root:sending {"dest": "n4", "src": "n1", "body": {"msg_id": 46, "type": "qr_cas_read", "request_id": 1647629362.185998, "key": 2, "from": 2, "to": 3}}
DEBUG:root:received {"dest":"n1","src":"n1","body":{"msg_id":44,"type":"qr_cas_read","request_id":1.647629362185998E9,"key":2,"from":2,"to":3},"id":267}
INFO:root:reading key 2 from quorum node n1
DEBUG:root:sending {"dest": "n1", "src": "n1", "body": {"msg_id": 47, "in_reply_to": 44, "type": "qr_cas_read_ok", "value": 3, "timestamp": 1647629360.4067166, "request_id": 1647629362.185998, "from": 2, "to": 3}}
DEBUG:root:received {"dest":"n1","src":"n1","body":{"msg_id":47,"in_reply_to":44,"type":"qr_cas_read_ok","value":3,"timestamp":1.6476293604067166E9,"request_id":1.647629362185998E9,"from":2,"to":3},"id":270}
DEBUG:root:received {"dest":"n1","src":"n2","body":{"msg_id":47,"in_reply_to":45,"type":"qr_cas_read_ok","value":3,"timestamp":1.6476293604067166E9,"request_id":1.647629362185998E9,"from":2,"to":3},"id":271}
DEBUG:root:received {"dest":"n1","src":"n4","body":{"msg_id":33,"in_reply_to":46,"type":"qr_cas_read_fail","code":20,"text":"Key does not exist","request_id":1.647629362185998E9},"id":272}
DEBUG:root:sending {"dest": "c32", "src": "n1", "body": {"msg_id": 48, "in_reply_to": 1, "type": "error", "code": 22, "text": "from value differs"}}
DEBUG:root:received {"dest":"n1","src":"n3","body":{"msg_id":60,"type":"qr_write","request_id":1.647629362406959E9,"key":1,"value":1},"id":275}
INFO:root:reading key 1 from quorum node n3
DEBUG:root:sending {"dest": "n3", "src": "n1", "body": {"msg_id": 49, "in_reply_to": 60, "type": "qr_write_ok", "request_id": 1647629362.406959}}
DEBUG:root:received {"dest":"n1","src":"n4","body":{"msg_id":35,"type":"qr_cas_read","request_id":1.6476293625128055E9,"key":2,"from":4,"to":0},"id":284}
INFO:root:reading key 2 from quorum node n4
DEBUG:root:sending {"dest": "n4", "src": "n1", "body": {"msg_id": 50, "in_reply_to": 35, "type": "qr_cas_read_ok", "value": 3, "timestamp": 1647629360.4067166, "request_id": 1647629362.5128055, "from": 4, "to": 0}}
DEBUG:root:received {"dest":"n1","body":{"key":2,"from":0,"to":0,"type":"cas","msg_id":2},"src":"c22","id":290}
INFO:root:reading key 2
DEBUG:root:sending {"dest": "n1", "src": "n1", "body": {"msg_id": 51, "type": "qr_cas_read", "request_id": 1647629362.8187814, "key": 2, "from": 0, "to": 0}}
DEBUG:root:sending {"dest": "n5", "src": "n1", "body": {"msg_id": 52, "type": "qr_cas_read", "request_id": 1647629362.8187814, "key": 2, "from": 0, "to": 0}}
DEBUG:root:sending {"dest": "n3", "src": "n1", "body": {"msg_id": 53, "type": "qr_cas_read", "request_id": 1647629362.8187814, "key": 2, "from": 0, "to": 0}}
DEBUG:root:received {"dest":"n1","src":"n1","body":{"msg_id":51,"type":"qr_cas_read","request_id":1.6476293628187814E9,"key":2,"from":0,"to":0},"id":291}
INFO:root:reading key 2 from quorum node n1
DEBUG:root:sending {"dest": "n1", "src": "n1", "body": {"msg_id": 54, "in_reply_to": 51, "type": "qr_cas_read_ok", "value": 3, "timestamp": 1647629360.4067166, "request_id": 1647629362.8187814, "from": 0, "to": 0}}
DEBUG:root:received {"dest":"n1","src":"n1","body":{"msg_id":54,"in_reply_to":51,"type":"qr_cas_read_ok","value":3,"timestamp":1.6476293604067166E9,"request_id":1.6476293628187814E9,"from":0,"to":0},"id":294}
DEBUG:root:received {"dest":"n1","src":"n5","body":{"msg_id":52,"in_reply_to":52,"type":"qr_cas_read_fail","code":20,"text":"Key does not exist","request_id":1.6476293628187814E9},"id":295}
DEBUG:root:received {"dest":"n1","src":"n3","body":{"msg_id":66,"in_reply_to":53,"type":"qr_cas_read_ok","value":3,"timestamp":1.6476293604067166E9,"request_id":1.6476293628187814E9,"from":0,"to":0},"id":296}
DEBUG:root:sending {"dest": "c22", "src": "n1", "body": {"msg_id": 55, "in_reply_to": 2, "type": "error", "code": 22, "text": "from value differs"}}
DEBUG:root:received {"dest":"n1","src":"n3","body":{"msg_id":68,"type":"qr_cas_read","request_id":1.6476293628509212E9,"key":4,"from":2,"to":0},"id":300}
INFO:root:reading key 4 from quorum node n3
DEBUG:root:sending {"dest": "n3", "src": "n1", "body": {"msg_id": 56, "in_reply_to": 68, "type": "qr_cas_read_ok", "value": 0, "timestamp": 1647629361.4605665, "request_id": 1647629362.8509212, "from": 2, "to": 0}}
DEBUG:root:received {"dest":"n1","src":"n3","body":{"msg_id":74,"type":"qr_cas_read","request_id":1.6476293632519898E9,"key":3,"from":3,"to":1},"id":310}
INFO:root:reading key 3 from quorum node n3
DEBUG:root:sending {"dest": "n3", "src": "n1", "body": {"msg_id": 57, "in_reply_to": 74, "type": "qr_cas_read_fail", "code": 20, "text": "Key does not exist", "request_id": 1647629363.2519898}}
DEBUG:root:received {"dest":"n1","body":{"key":4,"value":2,"type":"write","msg_id":1},"src":"c37","id":322}
INFO:root:writing key 4
DEBUG:root:sending {"dest": "n3", "src": "n1", "body": {"msg_id": 58, "type": "qr_write", "request_id": 1647629363.4536233, "key": 4, "value": 2}}
DEBUG:root:sending {"dest": "n2", "src": "n1", "body": {"msg_id": 59, "type": "qr_write", "request_id": 1647629363.4536233, "key": 4, "value": 2}}
DEBUG:root:sending {"dest": "n4", "src": "n1", "body": {"msg_id": 60, "type": "qr_write", "request_id": 1647629363.4536233, "key": 4, "value": 2}}
DEBUG:root:received {"dest":"n1","src":"n3","body":{"msg_id":77,"in_reply_to":58,"type":"qr_write_ok","request_id":1.6476293634536233E9},"id":326}
DEBUG:root:received {"dest":"n1","src":"n2","body":{"msg_id":51,"in_reply_to":59,"type":"qr_write_ok","request_id":1.6476293634536233E9},"id":327}
DEBUG:root:received {"dest":"n1","src":"n4","body":{"msg_id":42,"in_reply_to":60,"type":"qr_write_ok","request_id":1.6476293634536233E9},"id":328}
DEBUG:root:sending {"dest": "c37", "src": "n1", "body": {"msg_id": 61, "in_reply_to": 1, "type": "write_ok"}}
DEBUG:root:received {"dest":"n1","src":"n2","body":{"msg_id":54,"type":"qr_cas_read","request_id":1.6476293637904203E9,"key":4,"from":4,"to":0},"id":333}
INFO:root:reading key 4 from quorum node n2
DEBUG:root:sending {"dest": "n2", "src": "n1", "body": {"msg_id": 62, "in_reply_to": 54, "type": "qr_cas_read_ok", "value": 0, "timestamp": 1647629361.4605665, "request_id": 1647629363.7904203, "from": 4, "to": 0}}
DEBUG:root:received {"dest":"n1","src":"n4","body":{"msg_id":46,"type":"qr_cas_read","request_id":1.6476293643725095E9,"key":2,"from":3,"to":3},"id":348}
INFO:root:reading key 2 from quorum node n4
DEBUG:root:sending {"dest": "n4", "src": "n1", "body": {"msg_id": 63, "in_reply_to": 46, "type": "qr_cas_read_ok", "value": 3, "timestamp": 1647629360.4067166, "request_id": 1647629364.3725095, "from": 3, "to": 3}}
DEBUG:root:received {"dest":"n1","src":"n4","body":{"msg_id":49,"type":"qr_cas_write","request_id":1.6476293643725095E9,"key":2,"value":3},"id":354}
INFO:root:reading key 2 from quorum node n4
DEBUG:root:sending {"dest": "n4", "src": "n1", "body": {"msg_id": 64, "in_reply_to": 49, "type": "qr_cas_write_ok", "request_id": 1647629364.3725095}}
DEBUG:root:received {"dest":"n1","src":"n5","body":{"msg_id":60,"type":"qr_cas_read","request_id":1.6476293644571433E9,"key":2,"from":3,"to":2},"id":363}
INFO:root:reading key 2 from quorum node n5
DEBUG:root:sending {"dest": "n5", "src": "n1", "body": {"msg_id": 65, "in_reply_to": 60, "type": "qr_cas_read_ok", "value": 3, "timestamp": 1647629364.3725095, "request_id": 1647629364.4571433, "from": 3, "to": 2}}
DEBUG:root:received {"dest":"n1","src":"n5","body":{"msg_id":64,"type":"qr_cas_write","request_id":1.6476293644571433E9,"key":2,"value":2},"id":369}
INFO:root:reading key 2 from quorum node n5
DEBUG:root:sending {"dest": "n5", "src": "n1", "body": {"msg_id": 66, "in_reply_to": 64, "type": "qr_cas_write_ok", "request_id": 1647629364.4571433}}
DEBUG:root:received {"dest":"n1","src":"n2","body":{"msg_id":59,"type":"qr_cas_read","request_id":1.6476293648130517E9,"key":3,"from":1,"to":2},"id":375}
INFO:root:reading key 3 from quorum node n2
DEBUG:root:sending {"dest": "n2", "src": "n1", "body": {"msg_id": 67, "in_reply_to": 59, "type": "qr_cas_read_fail", "code": 20, "text": "Key does not exist", "request_id": 1647629364.8130517}}
DEBUG:root:received {"dest":"n1","src":"n5","body":{"msg_id":68,"type":"qr_cas_read","request_id":1.6476293650527053E9,"key":4,"from":3,"to":3},"id":383}
INFO:root:reading key 4 from quorum node n5
DEBUG:root:sending {"dest": "n5", "src": "n1", "body": {"msg_id": 68, "in_reply_to": 68, "type": "qr_cas_read_ok", "value": 0, "timestamp": 1647629361.4605665, "request_id": 1647629365.0527053, "from": 3, "to": 3}}
DEBUG:root:received {"dest":"n1","body":{"key":3,"value":3,"type":"write","msg_id":1},"src":"c41","id":390}
INFO:root:writing key 3
DEBUG:root:sending {"dest": "n4", "src": "n1", "body": {"msg_id": 69, "type": "qr_write", "request_id": 1647629365.3046591, "key": 3, "value": 3}}
DEBUG:root:sending {"dest": "n3", "src": "n1", "body": {"msg_id": 70, "type": "qr_write", "request_id": 1647629365.3046591, "key": 3, "value": 3}}
DEBUG:root:sending {"dest": "n2", "src": "n1", "body": {"msg_id": 71, "type": "qr_write", "request_id": 1647629365.3046591, "key": 3, "value": 3}}
DEBUG:root:received {"dest":"n1","src":"n4","body":{"msg_id":53,"in_reply_to":69,"type":"qr_write_ok","request_id":1.6476293653046591E9},"id":394}
DEBUG:root:received {"dest":"n1","src":"n3","body":{"msg_id":85,"in_reply_to":70,"type":"qr_write_ok","request_id":1.6476293653046591E9},"id":395}
DEBUG:root:received {"dest":"n1","src":"n2","body":{"msg_id":64,"in_reply_to":71,"type":"qr_write_ok","request_id":1.6476293653046591E9},"id":396}
DEBUG:root:sending {"dest": "c41", "src": "n1", "body": {"msg_id": 72, "in_reply_to": 1, "type": "write_ok"}}
DEBUG:root:received {"dest":"n1","src":"n4","body":{"msg_id":59,"type":"qr_cas_read","request_id":1.6476293657403371E9,"key":1,"from":4,"to":4},"id":407}
INFO:root:reading key 1 from quorum node n4
DEBUG:root:sending {"dest": "n4", "src": "n1", "body": {"msg_id": 73, "in_reply_to": 59, "type": "qr_cas_read_ok", "value": 1, "timestamp": 1647629362.406959, "request_id": 1647629365.7403371, "from": 4, "to": 4}}
DEBUG:root:received {"dest":"n1","src":"n3","body":{"msg_id":88,"type":"qr_cas_read","request_id":1.6476293659179256E9,"key":3,"from":2,"to":3},"id":415}
INFO:root:reading key 3 from quorum node n3
DEBUG:root:sending {"dest": "n3", "src": "n1", "body": {"msg_id": 74, "in_reply_to": 88, "type": "qr_cas_read_fail", "code": 20, "text": "Key does not exist", "request_id": 1647629365.9179256}}
DEBUG:root:received {"dest":"n1","src":"n2","body":{"msg_id":71,"type":"qr_cas_read","request_id":1.647629366246474E9,"key":3,"from":3,"to":4},"id":431}
INFO:root:reading key 3 from quorum node n2
DEBUG:root:sending {"dest": "n2", "src": "n1", "body": {"msg_id": 75, "in_reply_to": 71, "type": "qr_cas_read_fail", "code": 20, "text": "Key does not exist", "request_id": 1647629366.246474}}
DEBUG:root:received {"dest":"n1","src":"n2","body":{"msg_id":75,"type":"qr_cas_write","request_id":1.647629366246474E9,"key":3,"value":4},"id":437}
INFO:root:reading key 3 from quorum node n2
DEBUG:root:sending {"dest": "n2", "src": "n1", "body": {"msg_id": 76, "in_reply_to": 75, "type": "qr_cas_write_ok", "request_id": 1647629366.246474}}
DEBUG:root:received {"dest":"n1","src":"n5","body":{"msg_id":77,"type":"qr_cas_read","request_id":1.6476293665119262E9,"key":0,"from":0,"to":3},"id":447}
INFO:root:reading key 0 from quorum node n5
DEBUG:root:sending {"dest": "n5", "src": "n1", "body": {"msg_id": 77, "in_reply_to": 77, "type": "qr_cas_read_fail", "code": 20, "text": "Key does not exist", "request_id": 1647629366.5119262}}
