DEBUG:root:received {"dest":"n3","body":{"type":"init","node_id":"n3","node_ids":["n1","n2","n3","n4","n5"],"msg_id":1},"src":"c4","id":4}
INFO:root:node n3 initialized
DEBUG:root:sending {"dest": "c4", "src": "n3", "body": {"msg_id": 1, "in_reply_to": 1, "type": "init_ok"}}
DEBUG:root:received {"dest":"n3","src":"n4","body":{"msg_id":2,"type":"qr_write","request_id":1.6476293566227608E9,"key":1,"value":2},"id":11}
INFO:root:reading key 1 from quorum node n4
DEBUG:root:sending {"dest": "n4", "src": "n3", "body": {"msg_id": 2, "in_reply_to": 2, "type": "qr_write_ok", "request_id": 1647629356.6227608}}
DEBUG:root:received {"dest":"n3","body":{"key":1,"from":4,"to":4,"type":"cas","msg_id":1},"src":"c11","id":18}
INFO:root:reading key 1
DEBUG:root:sending {"dest": "n5", "src": "n3", "body": {"msg_id": 3, "type": "qr_cas_read", "request_id": 1647629356.8322334, "key": 1, "from": 4, "to": 4}}
DEBUG:root:sending {"dest": "n4", "src": "n3", "body": {"msg_id": 4, "type": "qr_cas_read", "request_id": 1647629356.8322334, "key": 1, "from": 4, "to": 4}}
DEBUG:root:sending {"dest": "n2", "src": "n3", "body": {"msg_id": 5, "type": "qr_cas_read", "request_id": 1647629356.8322334, "key": 1, "from": 4, "to": 4}}
DEBUG:root:received {"dest":"n3","src":"n5","body":{"msg_id":3,"in_reply_to":3,"type":"qr_cas_read_ok","value":2,"timestamp":1.6476293566227608E9,"request_id":1.6476293568322334E9,"from":4,"to":4},"id":22}
DEBUG:root:received {"dest":"n3","src":"n4","body":{"msg_id":6,"in_reply_to":4,"type":"qr_cas_read_fail","code":20,"text":"Key does not exist","request_id":1.6476293568322334E9},"id":23}
DEBUG:root:received {"dest":"n3","src":"n2","body":{"msg_id":3,"in_reply_to":5,"type":"qr_cas_read_ok","value":2,"timestamp":1.6476293566227608E9,"request_id":1.6476293568322334E9,"from":4,"to":4},"id":24}
DEBUG:root:sending {"dest": "c11", "src": "n3", "body": {"msg_id": 6, "in_reply_to": 1, "type": "error", "code": 22, "text": "from value differs"}}
DEBUG:root:received {"dest":"n3","body":{"key":2,"from":2,"to":3,"type":"cas","msg_id":1},"src":"c12","id":26}
INFO:root:reading key 2
DEBUG:root:sending {"dest": "n3", "src": "n3", "body": {"msg_id": 7, "type": "qr_cas_read", "request_id": 1647629357.1944902, "key": 2, "from": 2, "to": 3}}
DEBUG:root:sending {"dest": "n4", "src": "n3", "body": {"msg_id": 8, "type": "qr_cas_read", "request_id": 1647629357.1944902, "key": 2, "from": 2, "to": 3}}
DEBUG:root:sending {"dest": "n1", "src": "n3", "body": {"msg_id": 9, "type": "qr_cas_read", "request_id": 1647629357.1944902, "key": 2, "from": 2, "to": 3}}
DEBUG:root:received {"dest":"n3","src":"n3","body":{"msg_id":7,"type":"qr_cas_read","request_id":1.6476293571944902E9,"key":2,"from":2,"to":3},"id":27}
INFO:root:reading key 2 from quorum node n3
DEBUG:root:sending {"dest": "n3", "src": "n3", "body": {"msg_id": 10, "in_reply_to": 7, "type": "qr_cas_read_fail", "code": 20, "text": "Key does not exist", "request_id": 1647629357.1944902}}
DEBUG:root:received {"dest":"n3","src":"n3","body":{"msg_id":10,"in_reply_to":7,"type":"qr_cas_read_fail","code":20,"text":"Key does not exist","request_id":1.6476293571944902E9},"id":30}
DEBUG:root:received {"dest":"n3","src":"n4","body":{"msg_id":7,"in_reply_to":8,"type":"qr_cas_read_fail","code":20,"text":"Key does not exist","request_id":1.6476293571944902E9},"id":31}
DEBUG:root:received {"dest":"n3","src":"n1","body":{"msg_id":2,"in_reply_to":9,"type":"qr_cas_read_fail","code":20,"text":"Key does not exist","request_id":1.6476293571944902E9},"id":32}
DEBUG:root:sending {"dest": "c12", "src": "n3", "body": {"msg_id": 11, "in_reply_to": 1, "type": "error", "code": 20, "text": "Key does not exist"}}
DEBUG:root:received {"dest":"n3","src":"n2","body":{"msg_id":5,"type":"qr_cas_read","request_id":1.6476293573018754E9,"key":2,"from":0,"to":4},"id":36}
INFO:root:reading key 2 from quorum node n2
DEBUG:root:sending {"dest": "n2", "src": "n3", "body": {"msg_id": 12, "in_reply_to": 5, "type": "qr_cas_read_fail", "code": 20, "text": "Key does not exist", "request_id": 1647629357.3018754}}
DEBUG:root:received {"dest":"n3","src":"n5","body":{"msg_id":6,"type":"qr_cas_read","request_id":1.6476293575081403E9,"key":1,"from":4,"to":2},"id":44}
INFO:root:reading key 1 from quorum node n5
DEBUG:root:sending {"dest": "n5", "src": "n3", "body": {"msg_id": 13, "in_reply_to": 6, "type": "qr_cas_read_ok", "value": 2, "timestamp": 1647629356.6227608, "request_id": 1647629357.5081403, "from": 4, "to": 2}}
DEBUG:root:received {"dest":"n3","src":"n4","body":{"msg_id":10,"type":"qr_cas_read","request_id":1.6476293577905052E9,"key":3,"from":0,"to":3},"id":51}
INFO:root:reading key 3 from quorum node n4
DEBUG:root:sending {"dest": "n4", "src": "n3", "body": {"msg_id": 14, "in_reply_to": 10, "type": "qr_cas_read_fail", "code": 20, "text": "Key does not exist", "request_id": 1647629357.7905052}}
DEBUG:root:received {"dest":"n3","src":"n1","body":{"msg_id":12,"type":"qr_write","request_id":1.6476293582375987E9,"key":1,"value":1},"id":69}
INFO:root:reading key 1 from quorum node n1
DEBUG:root:sending {"dest": "n1", "src": "n3", "body": {"msg_id": 15, "in_reply_to": 12, "type": "qr_write_ok", "request_id": 1647629358.2375987}}
DEBUG:root:received {"dest":"n3","body":{"key":0,"from":3,"to":3,"type":"cas","msg_id":1},"src":"c18","id":74}
INFO:root:reading key 0
DEBUG:root:sending {"dest": "n4", "src": "n3", "body": {"msg_id": 16, "type": "qr_cas_read", "request_id": 1647629358.449409, "key": 0, "from": 3, "to": 3}}
DEBUG:root:sending {"dest": "n5", "src": "n3", "body": {"msg_id": 17, "type": "qr_cas_read", "request_id": 1647629358.449409, "key": 0, "from": 3, "to": 3}}
DEBUG:root:sending {"dest": "n1", "src": "n3", "body": {"msg_id": 18, "type": "qr_cas_read", "request_id": 1647629358.449409, "key": 0, "from": 3, "to": 3}}
DEBUG:root:received {"dest":"n3","src":"n4","body":{"msg_id":16,"in_reply_to":16,"type":"qr_cas_read_fail","code":20,"text":"Key does not exist","request_id":1.647629358449409E9},"id":78}
DEBUG:root:received {"dest":"n3","src":"n5","body":{"msg_id":10,"in_reply_to":17,"type":"qr_cas_read_fail","code":20,"text":"Key does not exist","request_id":1.647629358449409E9},"id":79}
DEBUG:root:received {"dest":"n3","src":"n1","body":{"msg_id":14,"in_reply_to":18,"type":"qr_cas_read_fail","code":20,"text":"Key does not exist","request_id":1.647629358449409E9},"id":80}
DEBUG:root:sending {"dest": "c18", "src": "n3", "body": {"msg_id": 19, "in_reply_to": 1, "type": "error", "code": 20, "text": "Key does not exist"}}
DEBUG:root:received {"dest":"n3","src":"n2","body":{"msg_id":11,"type":"qr_cas_read","request_id":1.647629358618906E9,"key":4,"from":1,"to":1},"id":84}
INFO:root:reading key 4 from quorum node n2
DEBUG:root:sending {"dest": "n2", "src": "n3", "body": {"msg_id": 20, "in_reply_to": 11, "type": "qr_cas_read_fail", "code": 20, "text": "Key does not exist", "request_id": 1647629358.618906}}
DEBUG:root:received {"dest":"n3","src":"n1","body":{"msg_id":17,"type":"qr_read","request_id":1.647629358712011E9,"key":0},"id":92}
INFO:root:reading key 0 from quorum node n1
DEBUG:root:sending {"dest": "n1", "src": "n3", "body": {"msg_id": 21, "in_reply_to": 17, "type": "qr_read_fail", "code": 20, "text": "Key does not exist", "request_id": 1647629358.712011}}
DEBUG:root:received {"dest":"n3","src":"n1","body":{"msg_id":24,"type":"qr_cas_read","request_id":1.6476293592933354E9,"key":2,"from":3,"to":3},"id":109}
INFO:root:reading key 2 from quorum node n1
DEBUG:root:sending {"dest": "n1", "src": "n3", "body": {"msg_id": 22, "in_reply_to": 24, "type": "qr_cas_read_fail", "code": 20, "text": "Key does not exist", "request_id": 1647629359.2933354}}
DEBUG:root:received {"dest":"n3","src":"n5","body":{"msg_id":22,"type":"qr_read","request_id":1.6476293594064837E9,"key":0},"id":123}
INFO:root:reading key 0 from quorum node n5
DEBUG:root:sending {"dest": "n5", "src": "n3", "body": {"msg_id": 23, "in_reply_to": 22, "type": "qr_read_fail", "code": 20, "text": "Key does not exist", "request_id": 1647629359.4064837}}
DEBUG:root:received {"dest":"n3","src":"n5","body":{"msg_id":27,"type":"qr_cas_read","request_id":1.6476293594520097E9,"key":3,"from":1,"to":3},"id":132}
INFO:root:reading key 3 from quorum node n5
DEBUG:root:sending {"dest": "n5", "src": "n3", "body": {"msg_id": 24, "in_reply_to": 27, "type": "qr_cas_read_fail", "code": 20, "text": "Key does not exist", "request_id": 1647629359.4520097}}
DEBUG:root:received {"dest":"n3","body":{"key":1,"value":2,"type":"write","msg_id":1},"src":"c24","id":138}
INFO:root:writing key 1
DEBUG:root:sending {"dest": "n2", "src": "n3", "body": {"msg_id": 25, "type": "qr_write", "request_id": 1647629359.6913226, "key": 1, "value": 2}}
DEBUG:root:sending {"dest": "n3", "src": "n3", "body": {"msg_id": 26, "type": "qr_write", "request_id": 1647629359.6913226, "key": 1, "value": 2}}
DEBUG:root:sending {"dest": "n5", "src": "n3", "body": {"msg_id": 27, "type": "qr_write", "request_id": 1647629359.6913226, "key": 1, "value": 2}}
DEBUG:root:received {"dest":"n3","src":"n3","body":{"msg_id":26,"type":"qr_write","request_id":1.6476293596913226E9,"key":1,"value":2},"id":140}
INFO:root:reading key 1 from quorum node n3
DEBUG:root:sending {"dest": "n3", "src": "n3", "body": {"msg_id": 28, "in_reply_to": 26, "type": "qr_write_ok", "request_id": 1647629359.6913226}}
DEBUG:root:received {"dest":"n3","src":"n3","body":{"msg_id":28,"in_reply_to":26,"type":"qr_write_ok","request_id":1.6476293596913226E9},"id":142}
DEBUG:root:received {"dest":"n3","src":"n2","body":{"msg_id":18,"in_reply_to":25,"type":"qr_write_ok","request_id":1.6476293596913226E9},"id":143}
DEBUG:root:received {"dest":"n3","src":"n5","body":{"msg_id":31,"in_reply_to":27,"type":"qr_write_ok","request_id":1.6476293596913226E9},"id":144}
DEBUG:root:sending {"dest": "c24", "src": "n3", "body": {"msg_id": 29, "in_reply_to": 1, "type": "write_ok"}}
DEBUG:root:received {"dest":"n3","body":{"key":0,"type":"read","msg_id":1},"src":"c25","id":146}
INFO:root:reading key 0
DEBUG:root:sending {"dest": "n3", "src": "n3", "body": {"msg_id": 30, "type": "qr_read", "request_id": 1647629360.0315888, "key": 0}}
DEBUG:root:sending {"dest": "n5", "src": "n3", "body": {"msg_id": 31, "type": "qr_read", "request_id": 1647629360.0315888, "key": 0}}
DEBUG:root:sending {"dest": "n2", "src": "n3", "body": {"msg_id": 32, "type": "qr_read", "request_id": 1647629360.0315888, "key": 0}}
DEBUG:root:received {"dest":"n3","src":"n3","body":{"msg_id":30,"type":"qr_read","request_id":1.6476293600315888E9,"key":0},"id":147}
INFO:root:reading key 0 from quorum node n3
DEBUG:root:sending {"dest": "n3", "src": "n3", "body": {"msg_id": 33, "in_reply_to": 30, "type": "qr_read_fail", "code": 20, "text": "Key does not exist", "request_id": 1647629360.0315888}}
DEBUG:root:received {"dest":"n3","src":"n3","body":{"msg_id":33,"in_reply_to":30,"type":"qr_read_fail","code":20,"text":"Key does not exist","request_id":1.6476293600315888E9},"id":150}
DEBUG:root:received {"dest":"n3","src":"n5","body":{"msg_id":32,"in_reply_to":31,"type":"qr_read_fail","code":20,"text":"Key does not exist","request_id":1.6476293600315888E9},"id":151}
DEBUG:root:received {"dest":"n3","src":"n2","body":{"msg_id":19,"in_reply_to":32,"type":"qr_read_fail","code":20,"text":"Key does not exist","request_id":1.6476293600315888E9},"id":152}
DEBUG:root:sending {"dest": "c25", "src": "n3", "body": {"msg_id": 34, "in_reply_to": 1, "type": "error", "code": 20, "text": "Key does not exist"}}
DEBUG:root:received {"dest":"n3","body":{"key":2,"from":0,"to":0,"type":"cas","msg_id":2},"src":"c12","id":154}
INFO:root:reading key 2
DEBUG:root:sending {"dest": "n1", "src": "n3", "body": {"msg_id": 35, "type": "qr_cas_read", "request_id": 1647629360.2187846, "key": 2, "from": 0, "to": 0}}
DEBUG:root:sending {"dest": "n2", "src": "n3", "body": {"msg_id": 36, "type": "qr_cas_read", "request_id": 1647629360.2187846, "key": 2, "from": 0, "to": 0}}
DEBUG:root:sending {"dest": "n5", "src": "n3", "body": {"msg_id": 37, "type": "qr_cas_read", "request_id": 1647629360.2187846, "key": 2, "from": 0, "to": 0}}
DEBUG:root:received {"dest":"n3","src":"n1","body":{"msg_id":28,"in_reply_to":35,"type":"qr_cas_read_fail","code":20,"text":"Key does not exist","request_id":1.6476293602187846E9},"id":158}
DEBUG:root:received {"dest":"n3","src":"n2","body":{"msg_id":20,"in_reply_to":36,"type":"qr_cas_read_fail","code":20,"text":"Key does not exist","request_id":1.6476293602187846E9},"id":159}
DEBUG:root:received {"dest":"n3","src":"n5","body":{"msg_id":33,"in_reply_to":37,"type":"qr_cas_read_fail","code":20,"text":"Key does not exist","request_id":1.6476293602187846E9},"id":160}
DEBUG:root:sending {"dest": "c12", "src": "n3", "body": {"msg_id": 38, "in_reply_to": 2, "type": "error", "code": 20, "text": "Key does not exist"}}
DEBUG:root:received {"dest":"n3","src":"n5","body":{"msg_id":35,"type":"qr_cas_read","request_id":1.6476293603556662E9,"key":0,"from":0,"to":0},"id":164}
INFO:root:reading key 0 from quorum node n5
DEBUG:root:sending {"dest": "n5", "src": "n3", "body": {"msg_id": 39, "in_reply_to": 35, "type": "qr_cas_read_fail", "code": 20, "text": "Key does not exist", "request_id": 1647629360.3556662}}
DEBUG:root:received {"dest":"n3","body":{"key":0,"type":"read","msg_id":2},"src":"c25","id":170}
INFO:root:reading key 0
DEBUG:root:sending {"dest": "n4", "src": "n3", "body": {"msg_id": 40, "type": "qr_read", "request_id": 1647629360.4039521, "key": 0}}
DEBUG:root:sending {"dest": "n5", "src": "n3", "body": {"msg_id": 41, "type": "qr_read", "request_id": 1647629360.4039521, "key": 0}}
DEBUG:root:sending {"dest": "n2", "src": "n3", "body": {"msg_id": 42, "type": "qr_read", "request_id": 1647629360.4039521, "key": 0}}
DEBUG:root:received {"dest":"n3","src":"n4","body":{"msg_id":20,"in_reply_to":40,"type":"qr_read_fail","code":20,"text":"Key does not exist","request_id":1.6476293604039521E9},"id":175}
DEBUG:root:received {"dest":"n3","src":"n5","body":{"msg_id":38,"type":"qr_write","request_id":1.6476293604067166E9,"key":2,"value":3},"id":176}
INFO:root:reading key 2 from quorum node n5
DEBUG:root:sending {"dest": "n5", "src": "n3", "body": {"msg_id": 43, "in_reply_to": 38, "type": "qr_write_ok", "request_id": 1647629360.4067166}}
DEBUG:root:received {"dest":"n3","src":"n2","body":{"msg_id":22,"in_reply_to":42,"type":"qr_read_fail","code":20,"text":"Key does not exist","request_id":1.6476293604039521E9},"id":178}
DEBUG:root:received {"dest":"n3","src":"n5","body":{"msg_id":41,"in_reply_to":41,"type":"qr_read_fail","code":20,"text":"Key does not exist","request_id":1.6476293604039521E9},"id":180}
DEBUG:root:sending {"dest": "c25", "src": "n3", "body": {"msg_id": 44, "in_reply_to": 2, "type": "error", "code": 20, "text": "Key does not exist"}}
DEBUG:root:received {"dest":"n3","body":{"key":0,"value":3,"type":"write","msg_id":2},"src":"c18","id":194}
INFO:root:writing key 0
DEBUG:root:sending {"dest": "n5", "src": "n3", "body": {"msg_id": 45, "type": "qr_write", "request_id": 1647629360.8605032, "key": 0, "value": 3}}
DEBUG:root:sending {"dest": "n3", "src": "n3", "body": {"msg_id": 46, "type": "qr_write", "request_id": 1647629360.8605032, "key": 0, "value": 3}}
DEBUG:root:sending {"dest": "n4", "src": "n3", "body": {"msg_id": 47, "type": "qr_write", "request_id": 1647629360.8605032, "key": 0, "value": 3}}
DEBUG:root:received {"dest":"n3","src":"n3","body":{"msg_id":46,"type":"qr_write","request_id":1.6476293608605032E9,"key":0,"value":3},"id":196}
INFO:root:reading key 0 from quorum node n3
DEBUG:root:sending {"dest": "n3", "src": "n3", "body": {"msg_id": 48, "in_reply_to": 46, "type": "qr_write_ok", "request_id": 1647629360.8605032}}
DEBUG:root:received {"dest":"n3","src":"n3","body":{"msg_id":48,"in_reply_to":46,"type":"qr_write_ok","request_id":1.6476293608605032E9},"id":198}
DEBUG:root:received {"dest":"n3","src":"n5","body":{"msg_id":44,"in_reply_to":45,"type":"qr_write_ok","request_id":1.6476293608605032E9},"id":199}
DEBUG:root:received {"dest":"n3","src":"n4","body":{"msg_id":22,"in_reply_to":47,"type":"qr_write_ok","request_id":1.6476293608605032E9},"id":200}
DEBUG:root:sending {"dest": "c18", "src": "n3", "body": {"msg_id": 49, "in_reply_to": 2, "type": "write_ok"}}
DEBUG:root:received {"dest":"n3","body":{"key":0,"from":0,"to":2,"type":"cas","msg_id":3},"src":"c18","id":210}
INFO:root:reading key 0
DEBUG:root:sending {"dest": "n2", "src": "n3", "body": {"msg_id": 50, "type": "qr_cas_read", "request_id": 1647629360.9843426, "key": 0, "from": 0, "to": 2}}
DEBUG:root:sending {"dest": "n4", "src": "n3", "body": {"msg_id": 51, "type": "qr_cas_read", "request_id": 1647629360.9843426, "key": 0, "from": 0, "to": 2}}
DEBUG:root:sending {"dest": "n3", "src": "n3", "body": {"msg_id": 52, "type": "qr_cas_read", "request_id": 1647629360.9843426, "key": 0, "from": 0, "to": 2}}
DEBUG:root:received {"dest":"n3","src":"n3","body":{"msg_id":52,"type":"qr_cas_read","request_id":1.6476293609843426E9,"key":0,"from":0,"to":2},"id":213}
INFO:root:reading key 0 from quorum node n3
DEBUG:root:sending {"dest": "n3", "src": "n3", "body": {"msg_id": 53, "in_reply_to": 52, "type": "qr_cas_read_ok", "value": 3, "timestamp": 1647629360.8605032, "request_id": 1647629360.9843426, "from": 0, "to": 2}}
DEBUG:root:received {"dest":"n3","src":"n2","body":{"msg_id":30,"in_reply_to":50,"type":"qr_cas_read_fail","code":20,"text":"Key does not exist","request_id":1.6476293609843426E9},"id":214}
DEBUG:root:received {"dest":"n3","src":"n3","body":{"msg_id":53,"in_reply_to":52,"type":"qr_cas_read_ok","value":3,"timestamp":1.6476293608605032E9,"request_id":1.6476293609843426E9,"from":0,"to":2},"id":216}
DEBUG:root:received {"dest":"n3","src":"n4","body":{"msg_id":23,"in_reply_to":51,"type":"qr_cas_read_ok","value":3,"timestamp":1.6476293608605032E9,"request_id":1.6476293609843426E9,"from":0,"to":2},"id":215}
DEBUG:root:sending {"dest": "c18", "src": "n3", "body": {"msg_id": 54, "in_reply_to": 3, "type": "error", "code": 22, "text": "from value differs"}}
DEBUG:root:received {"dest":"n3","body":{"key":0,"type":"read","msg_id":3},"src":"c25","id":226}
INFO:root:reading key 0
DEBUG:root:sending {"dest": "n5", "src": "n3", "body": {"msg_id": 55, "type": "qr_read", "request_id": 1647629361.0915573, "key": 0}}
DEBUG:root:sending {"dest": "n2", "src": "n3", "body": {"msg_id": 56, "type": "qr_read", "request_id": 1647629361.0915573, "key": 0}}
DEBUG:root:sending {"dest": "n4", "src": "n3", "body": {"msg_id": 57, "type": "qr_read", "request_id": 1647629361.0915573, "key": 0}}
DEBUG:root:received {"dest":"n3","src":"n2","body":{"msg_id":36,"in_reply_to":56,"type":"qr_read_fail","code":20,"text":"Key does not exist","request_id":1.6476293610915573E9},"id":230}
DEBUG:root:received {"dest":"n3","src":"n5","body":{"msg_id":47,"in_reply_to":55,"type":"qr_read_ok","value":3,"timestamp":1.6476293608605032E9,"request_id":1.6476293610915573E9},"id":231}
DEBUG:root:received {"dest":"n3","src":"n4","body":{"msg_id":25,"in_reply_to":57,"type":"qr_read_ok","value":3,"timestamp":1.6476293608605032E9,"request_id":1.6476293610915573E9},"id":232}
DEBUG:root:sending {"dest": "c25", "src": "n3", "body": {"msg_id": 58, "in_reply_to": 3, "type": "read_ok", "value": 3}}
DEBUG:root:received {"dest":"n3","src":"n4","body":{"msg_id":29,"type":"qr_write","request_id":1.6476293614605665E9,"key":4,"value":0},"id":245}
INFO:root:reading key 4 from quorum node n4
DEBUG:root:sending {"dest": "n4", "src": "n3", "body": {"msg_id": 59, "in_reply_to": 29, "type": "qr_write_ok", "request_id": 1647629361.4605665}}
DEBUG:root:received {"dest":"n3","body":{"key":1,"value":1,"type":"write","msg_id":2},"src":"c11","id":274}
INFO:root:writing key 1
DEBUG:root:sending {"dest": "n1", "src": "n3", "body": {"msg_id": 60, "type": "qr_write", "request_id": 1647629362.406959, "key": 1, "value": 1}}
DEBUG:root:sending {"dest": "n5", "src": "n3", "body": {"msg_id": 61, "type": "qr_write", "request_id": 1647629362.406959, "key": 1, "value": 1}}
DEBUG:root:sending {"dest": "n3", "src": "n3", "body": {"msg_id": 62, "type": "qr_write", "request_id": 1647629362.406959, "key": 1, "value": 1}}
DEBUG:root:received {"dest":"n3","src":"n3","body":{"msg_id":62,"type":"qr_write","request_id":1.647629362406959E9,"key":1,"value":1},"id":277}
INFO:root:reading key 1 from quorum node n3
DEBUG:root:sending {"dest": "n3", "src": "n3", "body": {"msg_id": 63, "in_reply_to": 62, "type": "qr_write_ok", "request_id": 1647629362.406959}}
DEBUG:root:received {"dest":"n3","src":"n1","body":{"msg_id":49,"in_reply_to":60,"type":"qr_write_ok","request_id":1.647629362406959E9},"id":280}
DEBUG:root:received {"dest":"n3","src":"n3","body":{"msg_id":63,"in_reply_to":62,"type":"qr_write_ok","request_id":1.647629362406959E9},"id":279}
DEBUG:root:received {"dest":"n3","src":"n5","body":{"msg_id":50,"in_reply_to":61,"type":"qr_write_ok","request_id":1.647629362406959E9},"id":278}
DEBUG:root:sending {"dest": "c11", "src": "n3", "body": {"msg_id": 64, "in_reply_to": 2, "type": "write_ok"}}
DEBUG:root:received {"dest":"n3","src":"n4","body":{"msg_id":34,"type":"qr_cas_read","request_id":1.6476293625128055E9,"key":2,"from":4,"to":0},"id":283}
INFO:root:reading key 2 from quorum node n4
DEBUG:root:sending {"dest": "n4", "src": "n3", "body": {"msg_id": 65, "in_reply_to": 34, "type": "qr_cas_read_ok", "value": 3, "timestamp": 1647629360.4067166, "request_id": 1647629362.5128055, "from": 4, "to": 0}}
DEBUG:root:received {"dest":"n3","src":"n1","body":{"msg_id":53,"type":"qr_cas_read","request_id":1.6476293628187814E9,"key":2,"from":0,"to":0},"id":293}
INFO:root:reading key 2 from quorum node n1
DEBUG:root:sending {"dest": "n1", "src": "n3", "body": {"msg_id": 66, "in_reply_to": 53, "type": "qr_cas_read_ok", "value": 3, "timestamp": 1647629360.4067166, "request_id": 1647629362.8187814, "from": 0, "to": 0}}
DEBUG:root:received {"dest":"n3","body":{"key":4,"from":2,"to":0,"type":"cas","msg_id":1},"src":"c34","id":298}
INFO:root:reading key 4
DEBUG:root:sending {"dest": "n2", "src": "n3", "body": {"msg_id": 67, "type": "qr_cas_read", "request_id": 1647629362.8509212, "key": 4, "from": 2, "to": 0}}
DEBUG:root:sending {"dest": "n1", "src": "n3", "body": {"msg_id": 68, "type": "qr_cas_read", "request_id": 1647629362.8509212, "key": 4, "from": 2, "to": 0}}
DEBUG:root:sending {"dest": "n3", "src": "n3", "body": {"msg_id": 69, "type": "qr_cas_read", "request_id": 1647629362.8509212, "key": 4, "from": 2, "to": 0}}
DEBUG:root:received {"dest":"n3","src":"n3","body":{"msg_id":69,"type":"qr_cas_read","request_id":1.6476293628509212E9,"key":4,"from":2,"to":0},"id":301}
INFO:root:reading key 4 from quorum node n3
DEBUG:root:sending {"dest": "n3", "src": "n3", "body": {"msg_id": 70, "in_reply_to": 69, "type": "qr_cas_read_ok", "value": 0, "timestamp": 1647629361.4605665, "request_id": 1647629362.8509212, "from": 2, "to": 0}}
DEBUG:root:received {"dest":"n3","src":"n2","body":{"msg_id":48,"in_reply_to":67,"type":"qr_cas_read_fail","code":20,"text":"Key does not exist","request_id":1.6476293628509212E9},"id":302}
DEBUG:root:received {"dest":"n3","src":"n1","body":{"msg_id":56,"in_reply_to":68,"type":"qr_cas_read_ok","value":0,"timestamp":1.6476293614605665E9,"request_id":1.6476293628509212E9,"from":2,"to":0},"id":303}
DEBUG:root:received {"dest":"n3","src":"n3","body":{"msg_id":70,"in_reply_to":69,"type":"qr_cas_read_ok","value":0,"timestamp":1.6476293614605665E9,"request_id":1.6476293628509212E9,"from":2,"to":0},"id":304}
DEBUG:root:sending {"dest": "c34", "src": "n3", "body": {"msg_id": 71, "in_reply_to": 1, "type": "error", "code": 22, "text": "from value differs"}}
DEBUG:root:received {"dest":"n3","body":{"key":3,"from":3,"to":1,"type":"cas","msg_id":1},"src":"c35","id":306}
INFO:root:reading key 3
DEBUG:root:sending {"dest": "n2", "src": "n3", "body": {"msg_id": 72, "type": "qr_cas_read", "request_id": 1647629363.2519898, "key": 3, "from": 3, "to": 1}}
DEBUG:root:sending {"dest": "n5", "src": "n3", "body": {"msg_id": 73, "type": "qr_cas_read", "request_id": 1647629363.2519898, "key": 3, "from": 3, "to": 1}}
DEBUG:root:sending {"dest": "n1", "src": "n3", "body": {"msg_id": 74, "type": "qr_cas_read", "request_id": 1647629363.2519898, "key": 3, "from": 3, "to": 1}}
DEBUG:root:received {"dest":"n3","src":"n2","body":{"msg_id":49,"in_reply_to":72,"type":"qr_cas_read_fail","code":20,"text":"Key does not exist","request_id":1.6476293632519898E9},"id":312}
DEBUG:root:received {"dest":"n3","src":"n5","body":{"msg_id":53,"in_reply_to":73,"type":"qr_cas_read_fail","code":20,"text":"Key does not exist","request_id":1.6476293632519898E9},"id":314}
DEBUG:root:received {"dest":"n3","src":"n4","body":{"msg_id":40,"type":"qr_cas_read","request_id":1.6476293632528646E9,"key":0,"from":1,"to":3},"id":315}
INFO:root:reading key 0 from quorum node n4
DEBUG:root:sending {"dest": "n4", "src": "n3", "body": {"msg_id": 75, "in_reply_to": 40, "type": "qr_cas_read_ok", "value": 3, "timestamp": 1647629360.8605032, "request_id": 1647629363.2528646, "from": 1, "to": 3}}
DEBUG:root:received {"dest":"n3","src":"n1","body":{"msg_id":57,"in_reply_to":74,"type":"qr_cas_read_fail","code":20,"text":"Key does not exist","request_id":1.6476293632519898E9},"id":316}
DEBUG:root:sending {"dest": "c35", "src": "n3", "body": {"msg_id": 76, "in_reply_to": 1, "type": "error", "code": 20, "text": "Key does not exist"}}
DEBUG:root:received {"dest":"n3","src":"n1","body":{"msg_id":58,"type":"qr_write","request_id":1.6476293634536233E9,"key":4,"value":2},"id":323}
INFO:root:reading key 4 from quorum node n1
DEBUG:root:sending {"dest": "n1", "src": "n3", "body": {"msg_id": 77, "in_reply_to": 58, "type": "qr_write_ok", "request_id": 1647629363.4536233}}
DEBUG:root:received {"dest":"n3","body":{"key":0,"from":0,"to":2,"type":"cas","msg_id":4},"src":"c18","id":338}
INFO:root:reading key 0
DEBUG:root:sending {"dest": "n3", "src": "n3", "body": {"msg_id": 78, "type": "qr_cas_read", "request_id": 1647629364.0073698, "key": 0, "from": 0, "to": 2}}
DEBUG:root:sending {"dest": "n4", "src": "n3", "body": {"msg_id": 79, "type": "qr_cas_read", "request_id": 1647629364.0073698, "key": 0, "from": 0, "to": 2}}
DEBUG:root:sending {"dest": "n2", "src": "n3", "body": {"msg_id": 80, "type": "qr_cas_read", "request_id": 1647629364.0073698, "key": 0, "from": 0, "to": 2}}
DEBUG:root:received {"dest":"n3","src":"n3","body":{"msg_id":78,"type":"qr_cas_read","request_id":1.6476293640073698E9,"key":0,"from":0,"to":2},"id":339}
INFO:root:reading key 0 from quorum node n3
DEBUG:root:sending {"dest": "n3", "src": "n3", "body": {"msg_id": 81, "in_reply_to": 78, "type": "qr_cas_read_ok", "value": 3, "timestamp": 1647629360.8605032, "request_id": 1647629364.0073698, "from": 0, "to": 2}}
DEBUG:root:received {"dest":"n3","src":"n3","body":{"msg_id":81,"in_reply_to":78,"type":"qr_cas_read_ok","value":3,"timestamp":1.6476293608605032E9,"request_id":1.6476293640073698E9,"from":0,"to":2},"id":342}
DEBUG:root:received {"dest":"n3","src":"n4","body":{"msg_id":44,"in_reply_to":79,"type":"qr_cas_read_ok","value":3,"timestamp":1.6476293608605032E9,"request_id":1.6476293640073698E9,"from":0,"to":2},"id":343}
DEBUG:root:received {"dest":"n3","src":"n2","body":{"msg_id":56,"in_reply_to":80,"type":"qr_cas_read_fail","code":20,"text":"Key does not exist","request_id":1.6476293640073698E9},"id":344}
DEBUG:root:sending {"dest": "c18", "src": "n3", "body": {"msg_id": 82, "in_reply_to": 4, "type": "error", "code": 22, "text": "from value differs"}}
DEBUG:root:received {"dest":"n3","src":"n5","body":{"msg_id":59,"type":"qr_cas_read","request_id":1.6476293644571433E9,"key":2,"from":3,"to":2},"id":362}
INFO:root:reading key 2 from quorum node n5
DEBUG:root:sending {"dest": "n5", "src": "n3", "body": {"msg_id": 83, "in_reply_to": 59, "type": "qr_cas_read_ok", "value": 3, "timestamp": 1647629360.4067166, "request_id": 1647629364.4571433, "from": 3, "to": 2}}
DEBUG:root:received {"dest":"n3","src":"n5","body":{"msg_id":63,"type":"qr_cas_write","request_id":1.6476293644571433E9,"key":2,"value":2},"id":368}
INFO:root:reading key 2 from quorum node n5
DEBUG:root:sending {"dest": "n5", "src": "n3", "body": {"msg_id": 84, "in_reply_to": 63, "type": "qr_cas_write_ok", "request_id": 1647629364.4571433}}
DEBUG:root:received {"dest":"n3","src":"n1","body":{"msg_id":70,"type":"qr_write","request_id":1.6476293653046591E9,"key":3,"value":3},"id":392}
INFO:root:reading key 3 from quorum node n1
DEBUG:root:sending {"dest": "n1", "src": "n3", "body": {"msg_id": 85, "in_reply_to": 70, "type": "qr_write_ok", "request_id": 1647629365.3046591}}
DEBUG:root:received {"dest":"n3","src":"n4","body":{"msg_id":55,"type":"qr_read","request_id":1.6476293654122431E9,"key":0},"id":400}
INFO:root:reading key 0 from quorum node n4
DEBUG:root:sending {"dest": "n4", "src": "n3", "body": {"msg_id": 86, "in_reply_to": 55, "type": "qr_read_ok", "value": 3, "timestamp": 1647629360.8605032, "request_id": 1647629365.4122431}}
DEBUG:root:received {"dest":"n3","src":"n4","body":{"msg_id":60,"type":"qr_cas_read","request_id":1.6476293657403371E9,"key":1,"from":4,"to":4},"id":408}
INFO:root:reading key 1 from quorum node n4
DEBUG:root:sending {"dest": "n4", "src": "n3", "body": {"msg_id": 87, "in_reply_to": 60, "type": "qr_cas_read_ok", "value": 1, "timestamp": 1647629362.406959, "request_id": 1647629365.7403371, "from": 4, "to": 4}}
DEBUG:root:received {"dest":"n3","body":{"key":3,"from":2,"to":3,"type":"cas","msg_id":1},"src":"c43","id":414}
INFO:root:reading key 3
DEBUG:root:sending {"dest": "n1", "src": "n3", "body": {"msg_id": 88, "type": "qr_cas_read", "request_id": 1647629365.9179256, "key": 3, "from": 2, "to": 3}}
DEBUG:root:sending {"dest": "n3", "src": "n3", "body": {"msg_id": 89, "type": "qr_cas_read", "request_id": 1647629365.9179256, "key": 3, "from": 2, "to": 3}}
DEBUG:root:sending {"dest": "n2", "src": "n3", "body": {"msg_id": 90, "type": "qr_cas_read", "request_id": 1647629365.9179256, "key": 3, "from": 2, "to": 3}}
DEBUG:root:received {"dest":"n3","src":"n3","body":{"msg_id":89,"type":"qr_cas_read","request_id":1.6476293659179256E9,"key":3,"from":2,"to":3},"id":416}
INFO:root:reading key 3 from quorum node n3
DEBUG:root:sending {"dest": "n3", "src": "n3", "body": {"msg_id": 91, "in_reply_to": 89, "type": "qr_cas_read_ok", "value": 3, "timestamp": 1647629365.3046591, "request_id": 1647629365.9179256, "from": 2, "to": 3}}
DEBUG:root:received {"dest":"n3","src":"n3","body":{"msg_id":91,"in_reply_to":89,"type":"qr_cas_read_ok","value":3,"timestamp":1.6476293653046591E9,"request_id":1.6476293659179256E9,"from":2,"to":3},"id":419}
DEBUG:root:received {"dest":"n3","src":"n1","body":{"msg_id":74,"in_reply_to":88,"type":"qr_cas_read_fail","code":20,"text":"Key does not exist","request_id":1.6476293659179256E9},"id":418}
DEBUG:root:received {"dest":"n3","src":"n2","body":{"msg_id":65,"in_reply_to":90,"type":"qr_cas_read_ok","value":3,"timestamp":1.6476293653046591E9,"request_id":1.6476293659179256E9,"from":2,"to":3},"id":420}
DEBUG:root:sending {"dest": "c43", "src": "n3", "body": {"msg_id": 92, "in_reply_to": 1, "type": "error", "code": 22, "text": "from value differs"}}
DEBUG:root:received {"dest":"n3","src":"n2","body":{"msg_id":72,"type":"qr_cas_read","request_id":1.647629366246474E9,"key":3,"from":3,"to":4},"id":432}
INFO:root:reading key 3 from quorum node n2
DEBUG:root:sending {"dest": "n2", "src": "n3", "body": {"msg_id": 93, "in_reply_to": 72, "type": "qr_cas_read_ok", "value": 3, "timestamp": 1647629365.3046591, "request_id": 1647629366.246474, "from": 3, "to": 4}}
DEBUG:root:received {"dest":"n3","src":"n2","body":{"msg_id":76,"type":"qr_cas_write","request_id":1.647629366246474E9,"key":3,"value":4},"id":438}
INFO:root:reading key 3 from quorum node n2
DEBUG:root:sending {"dest": "n2", "src": "n3", "body": {"msg_id": 94, "in_reply_to": 76, "type": "qr_cas_write_ok", "request_id": 1647629366.246474}}
DEBUG:root:received {"dest":"n3","src":"n5","body":{"msg_id":75,"type":"qr_cas_read","request_id":1.6476293665119262E9,"key":0,"from":0,"to":3},"id":445}
INFO:root:reading key 0 from quorum node n5
DEBUG:root:sending {"dest": "n5", "src": "n3", "body": {"msg_id": 95, "in_reply_to": 75, "type": "qr_cas_read_ok", "value": 3, "timestamp": 1647629360.8605032, "request_id": 1647629366.5119262, "from": 0, "to": 3}}
